{"/Users/dammy/Open Source Project/booking-backend/src/index.ts": {"path":"/Users/dammy/Open Source Project/booking-backend/src/index.ts","statementMap":{"0":{"start":{"line":1,"column":0},"end":{"line":1,"column":30}},"1":{"start":{"line":2,"column":0},"end":{"line":2,"column":28}},"2":{"start":{"line":3,"column":0},"end":{"line":3,"column":50}},"3":{"start":{"line":4,"column":0},"end":{"line":4,"column":56}},"4":{"start":{"line":5,"column":0},"end":{"line":5,"column":62}},"5":{"start":{"line":6,"column":0},"end":{"line":6,"column":64}},"6":{"start":{"line":7,"column":0},"end":{"line":7,"column":68}},"7":{"start":{"line":8,"column":0},"end":{"line":8,"column":67}},"8":{"start":{"line":10,"column":0},"end":{"line":10,"column":16}},"9":{"start":{"line":12,"column":12},"end":{"line":12,"column":21}},"10":{"start":{"line":13,"column":13},"end":{"line":13,"column":37}},"11":{"start":{"line":15,"column":0},"end":{"line":15,"column":24}},"12":{"start":{"line":16,"column":0},"end":{"line":16,"column":23}},"13":{"start":{"line":19,"column":0},"end":{"line":21,"column":3}},"14":{"start":{"line":20,"column":2},"end":{"line":20,"column":58}},"15":{"start":{"line":23,"column":0},"end":{"line":23,"column":29}},"16":{"start":{"line":24,"column":0},"end":{"line":24,"column":36}},"17":{"start":{"line":25,"column":0},"end":{"line":25,"column":38}},"18":{"start":{"line":28,"column":0},"end":{"line":28,"column":22}},"19":{"start":{"line":31,"column":0},"end":{"line":35,"column":3}},"20":{"start":{"line":32,"column":2},"end":{"line":34,"column":5}},"21":{"start":{"line":33,"column":4},"end":{"line":33,"column":50}},"22":{"start":{"line":37,"column":0},"end":{"line":37,"column":19}}},"fnMap":{"0":{"name":"(anonymous_1)","decl":{"start":{"line":19,"column":13},"end":{"line":19,"column":14}},"loc":{"start":{"line":19,"column":26},"end":{"line":21,"column":1}}},"1":{"name":"(anonymous_2)","decl":{"start":{"line":31,"column":17},"end":{"line":31,"column":20}},"loc":{"start":{"line":31,"column":22},"end":{"line":35,"column":1}}},"2":{"name":"(anonymous_3)","decl":{"start":{"line":32,"column":19},"end":{"line":32,"column":22}},"loc":{"start":{"line":32,"column":24},"end":{"line":34,"column":3}}}},"branchMap":{"0":{"loc":{"start":{"line":13,"column":13},"end":{"line":13,"column":37}},"type":"binary-expr","locations":[{"start":{"line":13,"column":13},"end":{"line":13,"column":29}},{"start":{"line":13,"column":33},"end":{"line":13,"column":37}}]}},"s":{"0":1,"1":1,"2":1,"3":1,"4":1,"5":1,"6":1,"7":1,"8":1,"9":1,"10":1,"11":1,"12":1,"13":1,"14":1,"15":1,"16":1,"17":1,"18":1,"19":1,"20":1,"21":1,"22":1},"f":{"0":1,"1":1,"2":1},"b":{"0":[1,0]}}
,"/Users/dammy/Open Source Project/booking-backend/src/domain/Booking.ts": {"path":"/Users/dammy/Open Source Project/booking-backend/src/domain/Booking.ts","statementMap":{"0":{"start":{"line":1,"column":0},"end":{"line":1,"column":61}},"1":{"start":{"line":13,"column":30},"end":{"line":25,"column":2}},"2":{"start":{"line":27,"column":0},"end":{"line":27,"column":66}}},"fnMap":{},"branchMap":{},"s":{"0":2,"1":2,"2":2},"f":{},"b":{}}
,"/Users/dammy/Open Source Project/booking-backend/src/domain/TimeSlot.ts": {"path":"/Users/dammy/Open Source Project/booking-backend/src/domain/TimeSlot.ts","statementMap":{"0":{"start":{"line":1,"column":0},"end":{"line":1,"column":54}},"1":{"start":{"line":11,"column":31},"end":{"line":17,"column":2}},"2":{"start":{"line":20,"column":0},"end":{"line":20,"column":78}},"3":{"start":{"line":22,"column":0},"end":{"line":22,"column":69}}},"fnMap":{},"branchMap":{},"s":{"0":3,"1":3,"2":3,"3":3},"f":{},"b":{}}
,"/Users/dammy/Open Source Project/booking-backend/src/domain/User.ts": {"path":"/Users/dammy/Open Source Project/booking-backend/src/domain/User.ts","statementMap":{"0":{"start":{"line":1,"column":0},"end":{"line":1,"column":54}},"1":{"start":{"line":11,"column":27},"end":{"line":17,"column":2}},"2":{"start":{"line":19,"column":0},"end":{"line":19,"column":57}}},"fnMap":{},"branchMap":{},"s":{"0":1,"1":1,"2":1},"f":{},"b":{}}
,"/Users/dammy/Open Source Project/booking-backend/src/domain/errors.ts": {"path":"/Users/dammy/Open Source Project/booking-backend/src/domain/errors.ts","statementMap":{"0":{"start":{"line":15,"column":4},"end":{"line":15,"column":19}},"1":{"start":{"line":16,"column":4},"end":{"line":16,"column":33}},"2":{"start":{"line":17,"column":4},"end":{"line":17,"column":39}},"3":{"start":{"line":18,"column":4},"end":{"line":18,"column":54}},"4":{"start":{"line":10,"column":0},"end":{"line":10,"column":13}},"5":{"start":{"line":25,"column":4},"end":{"line":25,"column":24}},"6":{"start":{"line":23,"column":0},"end":{"line":23,"column":13}},"7":{"start":{"line":32,"column":4},"end":{"line":32,"column":24}},"8":{"start":{"line":30,"column":0},"end":{"line":30,"column":13}},"9":{"start":{"line":39,"column":4},"end":{"line":39,"column":24}},"10":{"start":{"line":37,"column":0},"end":{"line":37,"column":13}},"11":{"start":{"line":46,"column":4},"end":{"line":46,"column":40}},"12":{"start":{"line":44,"column":0},"end":{"line":44,"column":13}},"13":{"start":{"line":53,"column":4},"end":{"line":53,"column":24}},"14":{"start":{"line":51,"column":0},"end":{"line":51,"column":13}}},"fnMap":{"0":{"name":"(anonymous_0)","decl":{"start":{"line":14,"column":2},"end":{"line":14,"column":14}},"loc":{"start":{"line":14,"column":71},"end":{"line":19,"column":3}}},"1":{"name":"(anonymous_1)","decl":{"start":{"line":24,"column":2},"end":{"line":24,"column":14}},"loc":{"start":{"line":24,"column":43},"end":{"line":26,"column":3}}},"2":{"name":"(anonymous_2)","decl":{"start":{"line":31,"column":2},"end":{"line":31,"column":14}},"loc":{"start":{"line":31,"column":49},"end":{"line":33,"column":3}}},"3":{"name":"(anonymous_3)","decl":{"start":{"line":38,"column":2},"end":{"line":38,"column":14}},"loc":{"start":{"line":38,"column":39},"end":{"line":40,"column":3}}},"4":{"name":"(anonymous_4)","decl":{"start":{"line":45,"column":2},"end":{"line":45,"column":14}},"loc":{"start":{"line":45,"column":35},"end":{"line":47,"column":3}}},"5":{"name":"(anonymous_5)","decl":{"start":{"line":52,"column":2},"end":{"line":52,"column":14}},"loc":{"start":{"line":52,"column":43},"end":{"line":54,"column":3}}}},"branchMap":{"0":{"loc":{"start":{"line":14,"column":51},"end":{"line":14,"column":71}},"type":"default-arg","locations":[{"start":{"line":14,"column":67},"end":{"line":14,"column":71}}]},"1":{"loc":{"start":{"line":24,"column":14},"end":{"line":24,"column":43}},"type":"default-arg","locations":[{"start":{"line":24,"column":24},"end":{"line":24,"column":43}}]},"2":{"loc":{"start":{"line":31,"column":14},"end":{"line":31,"column":49}},"type":"default-arg","locations":[{"start":{"line":31,"column":24},"end":{"line":31,"column":49}}]},"3":{"loc":{"start":{"line":38,"column":14},"end":{"line":38,"column":39}},"type":"default-arg","locations":[{"start":{"line":38,"column":24},"end":{"line":38,"column":39}}]},"4":{"loc":{"start":{"line":45,"column":14},"end":{"line":45,"column":35}},"type":"default-arg","locations":[{"start":{"line":45,"column":25},"end":{"line":45,"column":35}}]},"5":{"loc":{"start":{"line":52,"column":14},"end":{"line":52,"column":43}},"type":"default-arg","locations":[{"start":{"line":52,"column":24},"end":{"line":52,"column":43}}]}},"s":{"0":26,"1":26,"2":26,"3":26,"4":6,"5":7,"6":6,"7":4,"8":6,"9":2,"10":6,"11":8,"12":6,"13":5,"14":6},"f":{"0":26,"1":7,"2":4,"3":2,"4":8,"5":5},"b":{"0":[26],"1":[0],"2":[3],"3":[0],"4":[0],"5":[0]}}
,"/Users/dammy/Open Source Project/booking-backend/src/domain/errors/AppError.ts": {"path":"/Users/dammy/Open Source Project/booking-backend/src/domain/errors/AppError.ts","statementMap":{"0":{"start":{"line":6,"column":4},"end":{"line":6,"column":19}},"1":{"start":{"line":7,"column":4},"end":{"line":7,"column":33}},"2":{"start":{"line":8,"column":4},"end":{"line":8,"column":75}},"3":{"start":{"line":9,"column":4},"end":{"line":9,"column":27}},"4":{"start":{"line":1,"column":0},"end":{"line":1,"column":13}}},"fnMap":{"0":{"name":"(anonymous_0)","decl":{"start":{"line":5,"column":2},"end":{"line":5,"column":14}},"loc":{"start":{"line":5,"column":49},"end":{"line":10,"column":3}}}},"branchMap":{"0":{"loc":{"start":{"line":8,"column":18},"end":{"line":8,"column":74}},"type":"cond-expr","locations":[{"start":{"line":8,"column":58},"end":{"line":8,"column":64}},{"start":{"line":8,"column":67},"end":{"line":8,"column":74}}]},"1":{"loc":{"start":{"line":8,"column":18},"end":{"line":8,"column":55}},"type":"binary-expr","locations":[{"start":{"line":8,"column":18},"end":{"line":8,"column":35}},{"start":{"line":8,"column":39},"end":{"line":8,"column":55}}]}},"s":{"0":17,"1":17,"2":17,"3":17,"4":2},"f":{"0":17},"b":{"0":[15,2],"1":[17,17]}}
,"/Users/dammy/Open Source Project/booking-backend/src/domain/errors/NotFoundError.ts": {"path":"/Users/dammy/Open Source Project/booking-backend/src/domain/errors/NotFoundError.ts","statementMap":{"0":{"start":{"line":1,"column":0},"end":{"line":1,"column":38}},"1":{"start":{"line":5,"column":4},"end":{"line":5,"column":40}},"2":{"start":{"line":6,"column":4},"end":{"line":6,"column":32}},"3":{"start":{"line":3,"column":0},"end":{"line":3,"column":13}}},"fnMap":{"0":{"name":"(anonymous_0)","decl":{"start":{"line":4,"column":2},"end":{"line":4,"column":14}},"loc":{"start":{"line":4,"column":30},"end":{"line":7,"column":3}}}},"branchMap":{},"s":{"0":1,"1":3,"2":3,"3":1},"f":{"0":3},"b":{}}
,"/Users/dammy/Open Source Project/booking-backend/src/domain/errors/UnauthorizedError.ts": {"path":"/Users/dammy/Open Source Project/booking-backend/src/domain/errors/UnauthorizedError.ts","statementMap":{"0":{"start":{"line":1,"column":0},"end":{"line":1,"column":38}},"1":{"start":{"line":5,"column":4},"end":{"line":5,"column":24}},"2":{"start":{"line":6,"column":4},"end":{"line":6,"column":36}},"3":{"start":{"line":3,"column":0},"end":{"line":3,"column":13}}},"fnMap":{"0":{"name":"(anonymous_0)","decl":{"start":{"line":4,"column":2},"end":{"line":4,"column":14}},"loc":{"start":{"line":4,"column":53},"end":{"line":7,"column":3}}}},"branchMap":{"0":{"loc":{"start":{"line":4,"column":14},"end":{"line":4,"column":53}},"type":"default-arg","locations":[{"start":{"line":4,"column":32},"end":{"line":4,"column":53}}]}},"s":{"0":2,"1":5,"2":5,"3":2},"f":{"0":5},"b":{"0":[2]}}
,"/Users/dammy/Open Source Project/booking-backend/src/domain/errors/ValidationError.ts": {"path":"/Users/dammy/Open Source Project/booking-backend/src/domain/errors/ValidationError.ts","statementMap":{"0":{"start":{"line":1,"column":0},"end":{"line":1,"column":38}},"1":{"start":{"line":5,"column":4},"end":{"line":5,"column":24}},"2":{"start":{"line":6,"column":4},"end":{"line":6,"column":34}},"3":{"start":{"line":3,"column":0},"end":{"line":3,"column":13}}},"fnMap":{"0":{"name":"(anonymous_0)","decl":{"start":{"line":4,"column":2},"end":{"line":4,"column":14}},"loc":{"start":{"line":4,"column":29},"end":{"line":7,"column":3}}}},"branchMap":{},"s":{"0":1,"1":3,"2":3,"3":1},"f":{"0":3},"b":{}}
,"/Users/dammy/Open Source Project/booking-backend/src/infrastructure/database.ts": {"path":"/Users/dammy/Open Source Project/booking-backend/src/infrastructure/database.ts","statementMap":{"0":{"start":{"line":1,"column":0},"end":{"line":1,"column":32}},"1":{"start":{"line":3,"column":18},"end":{"line":11,"column":2}},"2":{"start":{"line":3,"column":44},"end":{"line":11,"column":2}},"3":{"start":{"line":4,"column":2},"end":{"line":10,"column":3}},"4":{"start":{"line":5,"column":17},"end":{"line":5,"column":109}},"5":{"start":{"line":6,"column":4},"end":{"line":6,"column":62}},"6":{"start":{"line":8,"column":4},"end":{"line":8,"column":55}},"7":{"start":{"line":9,"column":4},"end":{"line":9,"column":20}},"8":{"start":{"line":13,"column":0},"end":{"line":13,"column":25}}},"fnMap":{"0":{"name":"(anonymous_8)","decl":{"start":{"line":3,"column":18},"end":{"line":3,"column":42}},"loc":{"start":{"line":3,"column":44},"end":{"line":11,"column":2}}},"1":{"name":"(anonymous_9)","decl":{"start":{"line":3,"column":44},"end":{"line":3,"column":null}},"loc":{"start":{"line":3,"column":44},"end":{"line":11,"column":1}}}},"branchMap":{"0":{"loc":{"start":{"line":5,"column":40},"end":{"line":5,"column":108}},"type":"binary-expr","locations":[{"start":{"line":5,"column":40},"end":{"line":5,"column":61}},{"start":{"line":5,"column":65},"end":{"line":5,"column":108}}]}},"s":{"0":1,"1":1,"2":1,"3":1,"4":1,"5":1,"6":0,"7":0,"8":1},"f":{"0":1,"1":1},"b":{"0":[1,0]}}
,"/Users/dammy/Open Source Project/booking-backend/src/infrastructure/middleware/adminAuth.ts": {"path":"/Users/dammy/Open Source Project/booking-backend/src/infrastructure/middleware/adminAuth.ts","statementMap":{"0":{"start":{"line":4,"column":0},"end":{"line":4,"column":31}},"1":{"start":{"line":8,"column":0},"end":{"line":8,"column":72}},"2":{"start":{"line":16,"column":27},"end":{"line":47,"column":1}},"3":{"start":{"line":17,"column":21},"end":{"line":17,"column":46}},"4":{"start":{"line":20,"column":2},"end":{"line":23,"column":3}},"5":{"start":{"line":21,"column":4},"end":{"line":21,"column":34}},"6":{"start":{"line":22,"column":4},"end":{"line":22,"column":11}},"7":{"start":{"line":26,"column":16},"end":{"line":26,"column":50}},"8":{"start":{"line":28,"column":2},"end":{"line":46,"column":3}},"9":{"start":{"line":32,"column":20},"end":{"line":34,"column":null}},"10":{"start":{"line":39,"column":4},"end":{"line":39,"column":23}},"11":{"start":{"line":42,"column":4},"end":{"line":42,"column":11}},"12":{"start":{"line":45,"column":4},"end":{"line":45,"column":60}},"13":{"start":{"line":16,"column":13},"end":{"line":16,"column":27}},"14":{"start":{"line":55,"column":28},"end":{"line":64,"column":1}},"15":{"start":{"line":56,"column":2},"end":{"line":60,"column":3}},"16":{"start":{"line":57,"column":4},"end":{"line":57,"column":54}},"17":{"start":{"line":58,"column":4},"end":{"line":58,"column":11}},"18":{"start":{"line":63,"column":2},"end":{"line":63,"column":9}},"19":{"start":{"line":55,"column":13},"end":{"line":55,"column":28}}},"fnMap":{"0":{"name":"(anonymous_1)","decl":{"start":{"line":16,"column":27},"end":{"line":16,"column":28}},"loc":{"start":{"line":16,"column":90},"end":{"line":47,"column":1}}},"1":{"name":"(anonymous_2)","decl":{"start":{"line":55,"column":28},"end":{"line":55,"column":29}},"loc":{"start":{"line":55,"column":91},"end":{"line":64,"column":1}}}},"branchMap":{"0":{"loc":{"start":{"line":20,"column":2},"end":{"line":23,"column":3}},"type":"if","locations":[{"start":{"line":20,"column":2},"end":{"line":23,"column":3}},{"start":{},"end":{}}]},"1":{"loc":{"start":{"line":20,"column":6},"end":{"line":20,"column":54}},"type":"binary-expr","locations":[{"start":{"line":20,"column":6},"end":{"line":20,"column":17}},{"start":{"line":20,"column":21},"end":{"line":20,"column":54}}]},"2":{"loc":{"start":{"line":34,"column":6},"end":{"line":34,"column":52}},"type":"binary-expr","locations":[{"start":{"line":34,"column":6},"end":{"line":34,"column":28}},{"start":{"line":34,"column":32},"end":{"line":34,"column":52}}]},"3":{"loc":{"start":{"line":56,"column":2},"end":{"line":60,"column":3}},"type":"if","locations":[{"start":{"line":56,"column":2},"end":{"line":60,"column":3}},{"start":{},"end":{}}]},"4":{"loc":{"start":{"line":56,"column":6},"end":{"line":56,"column":44}},"type":"binary-expr","locations":[{"start":{"line":56,"column":6},"end":{"line":56,"column":15}},{"start":{"line":56,"column":19},"end":{"line":56,"column":44}}]}},"s":{"0":2,"1":2,"2":2,"3":4,"4":4,"5":2,"6":2,"7":2,"8":2,"9":2,"10":1,"11":1,"12":1,"13":2,"14":2,"15":3,"16":2,"17":2,"18":1,"19":2},"f":{"0":4,"1":3},"b":{"0":[2,2],"1":[4,3],"2":[2,2],"3":[2,1],"4":[3,2]}}
,"/Users/dammy/Open Source Project/booking-backend/src/infrastructure/middleware/errorHandler.ts": {"path":"/Users/dammy/Open Source Project/booking-backend/src/infrastructure/middleware/errorHandler.ts","statementMap":{"0":{"start":{"line":2,"column":0},"end":{"line":2,"column":56}},"1":{"start":{"line":4,"column":21},"end":{"line":17,"column":1}},"2":{"start":{"line":10,"column":2},"end":{"line":13,"column":3}},"3":{"start":{"line":11,"column":4},"end":{"line":11,"column":60}},"4":{"start":{"line":12,"column":4},"end":{"line":12,"column":11}},"5":{"start":{"line":15,"column":2},"end":{"line":15,"column":42}},"6":{"start":{"line":16,"column":2},"end":{"line":16,"column":59}},"7":{"start":{"line":19,"column":0},"end":{"line":19,"column":28}}},"fnMap":{"0":{"name":"(anonymous_0)","decl":{"start":{"line":4,"column":21},"end":{"line":4,"column":null}},"loc":{"start":{"line":9,"column":10},"end":{"line":17,"column":1}}}},"branchMap":{"0":{"loc":{"start":{"line":10,"column":2},"end":{"line":13,"column":3}},"type":"if","locations":[{"start":{"line":10,"column":2},"end":{"line":13,"column":3}},{"start":{},"end":{}}]}},"s":{"0":1,"1":1,"2":3,"3":3,"4":3,"5":0,"6":0,"7":1},"f":{"0":3},"b":{"0":[3,0]}}
,"/Users/dammy/Open Source Project/booking-backend/src/infrastructure/middleware/logger.ts": {"path":"/Users/dammy/Open Source Project/booking-backend/src/infrastructure/middleware/logger.ts","statementMap":{"0":{"start":{"line":1,"column":0},"end":{"line":1,"column":30}},"1":{"start":{"line":4,"column":15},"end":{"line":16,"column":2}},"2":{"start":{"line":9,"column":6},"end":{"line":9,"column":65}},"3":{"start":{"line":18,"column":29},"end":{"line":21,"column":1}},"4":{"start":{"line":19,"column":2},"end":{"line":19,"column":42}},"5":{"start":{"line":20,"column":2},"end":{"line":20,"column":9}},"6":{"start":{"line":18,"column":13},"end":{"line":18,"column":29}},"7":{"start":{"line":23,"column":27},"end":{"line":25,"column":1}},"8":{"start":{"line":24,"column":2},"end":{"line":24,"column":52}},"9":{"start":{"line":23,"column":13},"end":{"line":23,"column":27}},"10":{"start":{"line":27,"column":0},"end":{"line":27,"column":22}}},"fnMap":{"0":{"name":"(anonymous_1)","decl":{"start":{"line":8,"column":26},"end":{"line":8,"column":27}},"loc":{"start":{"line":8,"column":60},"end":{"line":10,"column":5}}},"1":{"name":"(anonymous_2)","decl":{"start":{"line":18,"column":29},"end":{"line":18,"column":30}},"loc":{"start":{"line":18,"column":87},"end":{"line":21,"column":1}}},"2":{"name":"(anonymous_3)","decl":{"start":{"line":23,"column":27},"end":{"line":23,"column":28}},"loc":{"start":{"line":23,"column":50},"end":{"line":25,"column":1}}}},"branchMap":{},"s":{"0":1,"1":1,"2":9,"3":1,"4":9,"5":9,"6":1,"7":1,"8":0,"9":1,"10":1},"f":{"0":9,"1":9,"2":0},"b":{}}
,"/Users/dammy/Open Source Project/booking-backend/src/infrastructure/middleware/optionalAuth.ts": {"path":"/Users/dammy/Open Source Project/booking-backend/src/infrastructure/middleware/optionalAuth.ts","statementMap":{"0":{"start":{"line":2,"column":0},"end":{"line":2,"column":31}},"1":{"start":{"line":13,"column":21},"end":{"line":34,"column":1}},"2":{"start":{"line":14,"column":21},"end":{"line":14,"column":46}},"3":{"start":{"line":16,"column":2},"end":{"line":19,"column":3}},"4":{"start":{"line":17,"column":4},"end":{"line":17,"column":18}},"5":{"start":{"line":21,"column":16},"end":{"line":21,"column":50}},"6":{"start":{"line":23,"column":2},"end":{"line":31,"column":3}},"7":{"start":{"line":24,"column":20},"end":{"line":26,"column":null}},"8":{"start":{"line":28,"column":4},"end":{"line":28,"column":23}},"9":{"start":{"line":33,"column":2},"end":{"line":33,"column":9}},"10":{"start":{"line":36,"column":0},"end":{"line":36,"column":28}}},"fnMap":{"0":{"name":"(anonymous_1)","decl":{"start":{"line":13,"column":21},"end":{"line":13,"column":22}},"loc":{"start":{"line":13,"column":84},"end":{"line":34,"column":1}}}},"branchMap":{"0":{"loc":{"start":{"line":16,"column":2},"end":{"line":19,"column":3}},"type":"if","locations":[{"start":{"line":16,"column":2},"end":{"line":19,"column":3}},{"start":{},"end":{}}]},"1":{"loc":{"start":{"line":16,"column":6},"end":{"line":16,"column":54}},"type":"binary-expr","locations":[{"start":{"line":16,"column":6},"end":{"line":16,"column":17}},{"start":{"line":16,"column":21},"end":{"line":16,"column":54}}]},"2":{"loc":{"start":{"line":26,"column":6},"end":{"line":26,"column":52}},"type":"binary-expr","locations":[{"start":{"line":26,"column":6},"end":{"line":26,"column":28}},{"start":{"line":26,"column":32},"end":{"line":26,"column":52}}]}},"s":{"0":3,"1":3,"2":4,"3":4,"4":2,"5":2,"6":2,"7":2,"8":1,"9":2,"10":3},"f":{"0":4},"b":{"0":[2,2],"1":[4,3],"2":[2,2]}}
,"/Users/dammy/Open Source Project/booking-backend/src/ports/rest/routes/authRoutes.ts": {"path":"/Users/dammy/Open Source Project/booking-backend/src/ports/rest/routes/authRoutes.ts","statementMap":{"0":{"start":{"line":1,"column":0},"end":{"line":1,"column":66}},"1":{"start":{"line":2,"column":0},"end":{"line":2,"column":68}},"2":{"start":{"line":3,"column":0},"end":{"line":3,"column":62}},"3":{"start":{"line":5,"column":15},"end":{"line":5,"column":23}},"4":{"start":{"line":7,"column":0},"end":{"line":19,"column":3}},"5":{"start":{"line":7,"column":83},"end":{"line":19,"column":2}},"6":{"start":{"line":8,"column":2},"end":{"line":18,"column":3}},"7":{"start":{"line":9,"column":38},"end":{"line":9,"column":46}},"8":{"start":{"line":10,"column":4},"end":{"line":13,"column":5}},"9":{"start":{"line":11,"column":6},"end":{"line":11,"column":95}},"10":{"start":{"line":12,"column":6},"end":{"line":12,"column":13}},"11":{"start":{"line":14,"column":19},"end":{"line":14,"column":64}},"12":{"start":{"line":15,"column":4},"end":{"line":15,"column":58}},"13":{"start":{"line":17,"column":4},"end":{"line":17,"column":16}},"14":{"start":{"line":21,"column":0},"end":{"line":33,"column":3}},"15":{"start":{"line":21,"column":80},"end":{"line":33,"column":2}},"16":{"start":{"line":22,"column":2},"end":{"line":32,"column":3}},"17":{"start":{"line":23,"column":32},"end":{"line":23,"column":40}},"18":{"start":{"line":24,"column":4},"end":{"line":27,"column":5}},"19":{"start":{"line":25,"column":6},"end":{"line":25,"column":89}},"20":{"start":{"line":26,"column":6},"end":{"line":26,"column":13}},"21":{"start":{"line":28,"column":19},"end":{"line":28,"column":55}},"22":{"start":{"line":29,"column":4},"end":{"line":29,"column":58}},"23":{"start":{"line":31,"column":4},"end":{"line":31,"column":16}},"24":{"start":{"line":35,"column":0},"end":{"line":35,"column":22}}},"fnMap":{"0":{"name":"(anonymous_7)","decl":{"start":{"line":7,"column":25},"end":{"line":7,"column":32}},"loc":{"start":{"line":7,"column":83},"end":{"line":19,"column":2}}},"1":{"name":"(anonymous_8)","decl":{"start":{"line":7,"column":83},"end":{"line":7,"column":null}},"loc":{"start":{"line":7,"column":83},"end":{"line":19,"column":1}}},"2":{"name":"(anonymous_9)","decl":{"start":{"line":21,"column":22},"end":{"line":21,"column":29}},"loc":{"start":{"line":21,"column":80},"end":{"line":33,"column":2}}},"3":{"name":"(anonymous_10)","decl":{"start":{"line":21,"column":80},"end":{"line":21,"column":null}},"loc":{"start":{"line":21,"column":80},"end":{"line":33,"column":1}}}},"branchMap":{"0":{"loc":{"start":{"line":10,"column":4},"end":{"line":13,"column":5}},"type":"if","locations":[{"start":{"line":10,"column":4},"end":{"line":13,"column":5}},{"start":{},"end":{}}]},"1":{"loc":{"start":{"line":10,"column":8},"end":{"line":10,"column":36}},"type":"binary-expr","locations":[{"start":{"line":10,"column":8},"end":{"line":10,"column":13}},{"start":{"line":10,"column":17},"end":{"line":10,"column":23}},{"start":{"line":10,"column":27},"end":{"line":10,"column":36}}]},"2":{"loc":{"start":{"line":24,"column":4},"end":{"line":27,"column":5}},"type":"if","locations":[{"start":{"line":24,"column":4},"end":{"line":27,"column":5}},{"start":{},"end":{}}]},"3":{"loc":{"start":{"line":24,"column":8},"end":{"line":24,"column":27}},"type":"binary-expr","locations":[{"start":{"line":24,"column":8},"end":{"line":24,"column":14}},{"start":{"line":24,"column":18},"end":{"line":24,"column":27}}]}},"s":{"0":1,"1":1,"2":1,"3":1,"4":1,"5":4,"6":4,"7":4,"8":4,"9":2,"10":2,"11":2,"12":1,"13":1,"14":1,"15":4,"16":4,"17":4,"18":4,"19":1,"20":1,"21":3,"22":1,"23":2,"24":1},"f":{"0":4,"1":4,"2":4,"3":4},"b":{"0":[2,2],"1":[4,2,2],"2":[1,3],"3":[4,4]}}
,"/Users/dammy/Open Source Project/booking-backend/src/ports/rest/routes/bookingRoutes.ts": {"path":"/Users/dammy/Open Source Project/booking-backend/src/ports/rest/routes/bookingRoutes.ts","statementMap":{"0":{"start":{"line":1,"column":0},"end":{"line":1,"column":57}},"1":{"start":{"line":2,"column":0},"end":{"line":2,"column":92}},"2":{"start":{"line":3,"column":0},"end":{"line":3,"column":89}},"3":{"start":{"line":4,"column":0},"end":{"line":4,"column":91}},"4":{"start":{"line":5,"column":0},"end":{"line":5,"column":null}},"5":{"start":{"line":15,"column":15},"end":{"line":15,"column":23}},"6":{"start":{"line":17,"column":0},"end":{"line":36,"column":3}},"7":{"start":{"line":17,"column":93},"end":{"line":36,"column":2}},"8":{"start":{"line":18,"column":2},"end":{"line":35,"column":3}},"9":{"start":{"line":19,"column":57},"end":{"line":19,"column":65}},"10":{"start":{"line":20,"column":4},"end":{"line":22,"column":5}},"11":{"start":{"line":21,"column":6},"end":{"line":21,"column":58}},"12":{"start":{"line":24,"column":4},"end":{"line":31,"column":5}},"13":{"start":{"line":25,"column":6},"end":{"line":25,"column":84}},"14":{"start":{"line":27,"column":6},"end":{"line":29,"column":7}},"15":{"start":{"line":28,"column":8},"end":{"line":28,"column":94}},"16":{"start":{"line":30,"column":6},"end":{"line":30,"column":87}},"17":{"start":{"line":32,"column":4},"end":{"line":32,"column":34}},"18":{"start":{"line":34,"column":4},"end":{"line":34,"column":16}},"19":{"start":{"line":38,"column":0},"end":{"line":45,"column":3}},"20":{"start":{"line":38,"column":79},"end":{"line":45,"column":2}},"21":{"start":{"line":39,"column":2},"end":{"line":44,"column":3}},"22":{"start":{"line":40,"column":21},"end":{"line":40,"column":43}},"23":{"start":{"line":41,"column":4},"end":{"line":41,"column":23}},"24":{"start":{"line":43,"column":4},"end":{"line":43,"column":16}},"25":{"start":{"line":47,"column":0},"end":{"line":57,"column":3}},"26":{"start":{"line":47,"column":94},"end":{"line":57,"column":2}},"27":{"start":{"line":48,"column":2},"end":{"line":56,"column":3}},"28":{"start":{"line":49,"column":4},"end":{"line":51,"column":5}},"29":{"start":{"line":50,"column":6},"end":{"line":50,"column":36}},"30":{"start":{"line":52,"column":21},"end":{"line":52,"column":55}},"31":{"start":{"line":53,"column":4},"end":{"line":53,"column":23}},"32":{"start":{"line":55,"column":4},"end":{"line":55,"column":16}},"33":{"start":{"line":59,"column":0},"end":{"line":69,"column":3}},"34":{"start":{"line":59,"column":81},"end":{"line":69,"column":2}},"35":{"start":{"line":60,"column":2},"end":{"line":68,"column":3}},"36":{"start":{"line":61,"column":20},"end":{"line":61,"column":65}},"37":{"start":{"line":62,"column":4},"end":{"line":64,"column":5}},"38":{"start":{"line":63,"column":6},"end":{"line":63,"column":41}},"39":{"start":{"line":65,"column":4},"end":{"line":65,"column":22}},"40":{"start":{"line":67,"column":4},"end":{"line":67,"column":16}},"41":{"start":{"line":71,"column":0},"end":{"line":82,"column":3}},"42":{"start":{"line":71,"column":117},"end":{"line":82,"column":2}},"43":{"start":{"line":72,"column":2},"end":{"line":81,"column":3}},"44":{"start":{"line":73,"column":23},"end":{"line":73,"column":31}},"45":{"start":{"line":74,"column":4},"end":{"line":76,"column":5}},"46":{"start":{"line":75,"column":6},"end":{"line":75,"column":87}},"47":{"start":{"line":77,"column":20},"end":{"line":77,"column":78}},"48":{"start":{"line":78,"column":4},"end":{"line":78,"column":22}},"49":{"start":{"line":80,"column":4},"end":{"line":80,"column":16}},"50":{"start":{"line":84,"column":0},"end":{"line":95,"column":3}},"51":{"start":{"line":84,"column":110},"end":{"line":95,"column":2}},"52":{"start":{"line":85,"column":2},"end":{"line":94,"column":3}},"53":{"start":{"line":86,"column":34},"end":{"line":86,"column":42}},"54":{"start":{"line":87,"column":4},"end":{"line":89,"column":5}},"55":{"start":{"line":88,"column":6},"end":{"line":88,"column":92}},"56":{"start":{"line":90,"column":20},"end":{"line":90,"column":85}},"57":{"start":{"line":91,"column":4},"end":{"line":91,"column":22}},"58":{"start":{"line":93,"column":4},"end":{"line":93,"column":16}},"59":{"start":{"line":97,"column":0},"end":{"line":97,"column":22}}},"fnMap":{"0":{"name":"(anonymous_8)","decl":{"start":{"line":17,"column":31},"end":{"line":17,"column":38}},"loc":{"start":{"line":17,"column":93},"end":{"line":36,"column":2}}},"1":{"name":"(anonymous_9)","decl":{"start":{"line":17,"column":93},"end":{"line":17,"column":null}},"loc":{"start":{"line":17,"column":93},"end":{"line":36,"column":1}}},"2":{"name":"(anonymous_10)","decl":{"start":{"line":38,"column":16},"end":{"line":38,"column":23}},"loc":{"start":{"line":38,"column":79},"end":{"line":45,"column":2}}},"3":{"name":"(anonymous_11)","decl":{"start":{"line":38,"column":79},"end":{"line":38,"column":null}},"loc":{"start":{"line":38,"column":79},"end":{"line":45,"column":1}}},"4":{"name":"(anonymous_12)","decl":{"start":{"line":47,"column":32},"end":{"line":47,"column":39}},"loc":{"start":{"line":47,"column":94},"end":{"line":57,"column":2}}},"5":{"name":"(anonymous_13)","decl":{"start":{"line":47,"column":94},"end":{"line":47,"column":null}},"loc":{"start":{"line":47,"column":94},"end":{"line":57,"column":1}}},"6":{"name":"(anonymous_14)","decl":{"start":{"line":59,"column":19},"end":{"line":59,"column":26}},"loc":{"start":{"line":59,"column":81},"end":{"line":69,"column":2}}},"7":{"name":"(anonymous_15)","decl":{"start":{"line":59,"column":81},"end":{"line":59,"column":null}},"loc":{"start":{"line":59,"column":81},"end":{"line":69,"column":1}}},"8":{"name":"(anonymous_16)","decl":{"start":{"line":71,"column":55},"end":{"line":71,"column":62}},"loc":{"start":{"line":71,"column":117},"end":{"line":82,"column":2}}},"9":{"name":"(anonymous_17)","decl":{"start":{"line":71,"column":117},"end":{"line":71,"column":null}},"loc":{"start":{"line":71,"column":117},"end":{"line":82,"column":1}}},"10":{"name":"(anonymous_18)","decl":{"start":{"line":84,"column":48},"end":{"line":84,"column":55}},"loc":{"start":{"line":84,"column":110},"end":{"line":95,"column":2}}},"11":{"name":"(anonymous_19)","decl":{"start":{"line":84,"column":110},"end":{"line":84,"column":null}},"loc":{"start":{"line":84,"column":110},"end":{"line":95,"column":1}}}},"branchMap":{"0":{"loc":{"start":{"line":20,"column":4},"end":{"line":22,"column":5}},"type":"if","locations":[{"start":{"line":20,"column":4},"end":{"line":22,"column":5}},{"start":{},"end":{}}]},"1":{"loc":{"start":{"line":24,"column":4},"end":{"line":31,"column":5}},"type":"if","locations":[{"start":{"line":24,"column":4},"end":{"line":31,"column":5}},{"start":{"line":26,"column":11},"end":{"line":31,"column":5}}]},"2":{"loc":{"start":{"line":27,"column":6},"end":{"line":29,"column":7}},"type":"if","locations":[{"start":{"line":27,"column":6},"end":{"line":29,"column":7}},{"start":{},"end":{}}]},"3":{"loc":{"start":{"line":27,"column":10},"end":{"line":27,"column":35}},"type":"binary-expr","locations":[{"start":{"line":27,"column":10},"end":{"line":27,"column":20}},{"start":{"line":27,"column":24},"end":{"line":27,"column":35}}]},"4":{"loc":{"start":{"line":49,"column":4},"end":{"line":51,"column":5}},"type":"if","locations":[{"start":{"line":49,"column":4},"end":{"line":51,"column":5}},{"start":{},"end":{}}]},"5":{"loc":{"start":{"line":62,"column":4},"end":{"line":64,"column":5}},"type":"if","locations":[{"start":{"line":62,"column":4},"end":{"line":64,"column":5}},{"start":{},"end":{}}]},"6":{"loc":{"start":{"line":74,"column":4},"end":{"line":76,"column":5}},"type":"if","locations":[{"start":{"line":74,"column":4},"end":{"line":76,"column":5}},{"start":{},"end":{}}]},"7":{"loc":{"start":{"line":87,"column":4},"end":{"line":89,"column":5}},"type":"if","locations":[{"start":{"line":87,"column":4},"end":{"line":89,"column":5}},{"start":{},"end":{}}]},"8":{"loc":{"start":{"line":87,"column":8},"end":{"line":87,"column":42}},"type":"binary-expr","locations":[{"start":{"line":87,"column":8},"end":{"line":87,"column":27}},{"start":{"line":87,"column":31},"end":{"line":87,"column":42}}]}},"s":{"0":3,"1":3,"2":3,"3":3,"4":3,"5":3,"6":3,"7":4,"8":4,"9":4,"10":4,"11":1,"12":3,"13":1,"14":2,"15":1,"16":1,"17":2,"18":2,"19":3,"20":1,"21":1,"22":1,"23":1,"24":0,"25":3,"26":2,"27":2,"28":2,"29":1,"30":1,"31":1,"32":1,"33":3,"34":2,"35":2,"36":2,"37":2,"38":1,"39":1,"40":1,"41":3,"42":3,"43":3,"44":3,"45":3,"46":1,"47":2,"48":1,"49":2,"50":3,"51":3,"52":3,"53":3,"54":3,"55":1,"56":2,"57":1,"58":2,"59":3},"f":{"0":4,"1":4,"2":1,"3":1,"4":2,"5":2,"6":2,"7":2,"8":3,"9":3,"10":3,"11":3},"b":{"0":[1,3],"1":[1,2],"2":[1,1],"3":[2,1],"4":[1,1],"5":[1,1],"6":[1,2],"7":[1,2],"8":[3,1]}}
,"/Users/dammy/Open Source Project/booking-backend/src/ports/rest/routes/timeSlotRoutes.ts": {"path":"/Users/dammy/Open Source Project/booking-backend/src/ports/rest/routes/timeSlotRoutes.ts","statementMap":{"0":{"start":{"line":1,"column":0},"end":{"line":1,"column":66}},"1":{"start":{"line":2,"column":0},"end":{"line":2,"column":57}},"2":{"start":{"line":3,"column":0},"end":{"line":3,"column":null}},"3":{"start":{"line":9,"column":15},"end":{"line":9,"column":23}},"4":{"start":{"line":12,"column":0},"end":{"line":25,"column":3}},"5":{"start":{"line":12,"column":75},"end":{"line":25,"column":2}},"6":{"start":{"line":13,"column":2},"end":{"line":24,"column":3}},"7":{"start":{"line":14,"column":41},"end":{"line":14,"column":49}},"8":{"start":{"line":16,"column":4},"end":{"line":18,"column":5}},"9":{"start":{"line":17,"column":6},"end":{"line":17,"column":77}},"10":{"start":{"line":20,"column":21},"end":{"line":20,"column":71}},"11":{"start":{"line":21,"column":4},"end":{"line":21,"column":35}},"12":{"start":{"line":23,"column":4},"end":{"line":23,"column":16}},"13":{"start":{"line":28,"column":0},"end":{"line":35,"column":3}},"14":{"start":{"line":28,"column":75},"end":{"line":35,"column":2}},"15":{"start":{"line":29,"column":2},"end":{"line":34,"column":3}},"16":{"start":{"line":30,"column":22},"end":{"line":30,"column":45}},"17":{"start":{"line":31,"column":4},"end":{"line":31,"column":24}},"18":{"start":{"line":33,"column":4},"end":{"line":33,"column":16}},"19":{"start":{"line":38,"column":0},"end":{"line":45,"column":3}},"20":{"start":{"line":38,"column":84},"end":{"line":45,"column":2}},"21":{"start":{"line":39,"column":2},"end":{"line":44,"column":3}},"22":{"start":{"line":40,"column":22},"end":{"line":40,"column":51}},"23":{"start":{"line":41,"column":4},"end":{"line":41,"column":24}},"24":{"start":{"line":43,"column":4},"end":{"line":43,"column":16}},"25":{"start":{"line":47,"column":0},"end":{"line":47,"column":22}}},"fnMap":{"0":{"name":"(anonymous_7)","decl":{"start":{"line":12,"column":17},"end":{"line":12,"column":24}},"loc":{"start":{"line":12,"column":75},"end":{"line":25,"column":2}}},"1":{"name":"(anonymous_8)","decl":{"start":{"line":12,"column":75},"end":{"line":12,"column":null}},"loc":{"start":{"line":12,"column":75},"end":{"line":25,"column":1}}},"2":{"name":"(anonymous_9)","decl":{"start":{"line":28,"column":16},"end":{"line":28,"column":23}},"loc":{"start":{"line":28,"column":75},"end":{"line":35,"column":2}}},"3":{"name":"(anonymous_10)","decl":{"start":{"line":28,"column":75},"end":{"line":28,"column":null}},"loc":{"start":{"line":28,"column":75},"end":{"line":35,"column":1}}},"4":{"name":"(anonymous_11)","decl":{"start":{"line":38,"column":25},"end":{"line":38,"column":32}},"loc":{"start":{"line":38,"column":84},"end":{"line":45,"column":2}}},"5":{"name":"(anonymous_12)","decl":{"start":{"line":38,"column":84},"end":{"line":38,"column":null}},"loc":{"start":{"line":38,"column":84},"end":{"line":45,"column":1}}}},"branchMap":{"0":{"loc":{"start":{"line":16,"column":4},"end":{"line":18,"column":5}},"type":"if","locations":[{"start":{"line":16,"column":4},"end":{"line":18,"column":5}},{"start":{},"end":{}}]},"1":{"loc":{"start":{"line":16,"column":8},"end":{"line":16,"column":39}},"type":"binary-expr","locations":[{"start":{"line":16,"column":8},"end":{"line":16,"column":13}},{"start":{"line":16,"column":17},"end":{"line":16,"column":27}},{"start":{"line":16,"column":31},"end":{"line":16,"column":39}}]}},"s":{"0":1,"1":1,"2":1,"3":1,"4":1,"5":0,"6":0,"7":0,"8":0,"9":0,"10":0,"11":0,"12":0,"13":1,"14":0,"15":0,"16":0,"17":0,"18":0,"19":1,"20":0,"21":0,"22":0,"23":0,"24":0,"25":1},"f":{"0":0,"1":0,"2":0,"3":0,"4":0,"5":0},"b":{"0":[0,0],"1":[0,0,0]}}
,"/Users/dammy/Open Source Project/booking-backend/src/use-cases/bookingUseCases.ts": {"path":"/Users/dammy/Open Source Project/booking-backend/src/use-cases/bookingUseCases.ts","statementMap":{"0":{"start":{"line":2,"column":0},"end":{"line":2,"column":54}},"1":{"start":{"line":5,"column":0},"end":{"line":5,"column":42}},"2":{"start":{"line":6,"column":0},"end":{"line":6,"column":81}},"3":{"start":{"line":27,"column":34},"end":{"line":73,"column":2}},"4":{"start":{"line":27,"column":88},"end":{"line":73,"column":2}},"5":{"start":{"line":29,"column":55},"end":{"line":29,"column":60}},"6":{"start":{"line":32,"column":2},"end":{"line":34,"column":3}},"7":{"start":{"line":33,"column":4},"end":{"line":33,"column":86}},"8":{"start":{"line":37,"column":19},"end":{"line":37,"column":54}},"9":{"start":{"line":40,"column":2},"end":{"line":42,"column":3}},"10":{"start":{"line":41,"column":4},"end":{"line":41,"column":41}},"11":{"start":{"line":45,"column":2},"end":{"line":47,"column":3}},"12":{"start":{"line":46,"column":4},"end":{"line":46,"column":64}},"13":{"start":{"line":49,"column":26},"end":{"line":52,"column":4}},"14":{"start":{"line":55,"column":2},"end":{"line":57,"column":3}},"15":{"start":{"line":56,"column":4},"end":{"line":56,"column":64}},"16":{"start":{"line":59,"column":2},"end":{"line":59,"column":31}},"17":{"start":{"line":60,"column":2},"end":{"line":60,"column":24}},"18":{"start":{"line":63,"column":18},"end":{"line":69,"column":5}},"19":{"start":{"line":72,"column":2},"end":{"line":72,"column":17}},"20":{"start":{"line":27,"column":13},"end":{"line":27,"column":34}},"21":{"start":{"line":76,"column":33},"end":{"line":116,"column":2}},"22":{"start":{"line":76,"column":86},"end":{"line":116,"column":2}},"23":{"start":{"line":78,"column":40},"end":{"line":78,"column":45}},"24":{"start":{"line":81,"column":19},"end":{"line":81,"column":54}},"25":{"start":{"line":84,"column":2},"end":{"line":86,"column":3}},"26":{"start":{"line":85,"column":4},"end":{"line":85,"column":41}},"27":{"start":{"line":89,"column":2},"end":{"line":91,"column":3}},"28":{"start":{"line":90,"column":4},"end":{"line":90,"column":64}},"29":{"start":{"line":93,"column":26},"end":{"line":96,"column":4}},"30":{"start":{"line":99,"column":2},"end":{"line":101,"column":3}},"31":{"start":{"line":100,"column":4},"end":{"line":100,"column":64}},"32":{"start":{"line":103,"column":2},"end":{"line":103,"column":31}},"33":{"start":{"line":104,"column":2},"end":{"line":104,"column":24}},"34":{"start":{"line":107,"column":18},"end":{"line":111,"column":null}},"35":{"start":{"line":115,"column":2},"end":{"line":115,"column":17}},"36":{"start":{"line":76,"column":13},"end":{"line":76,"column":33}},"37":{"start":{"line":119,"column":30},"end":{"line":122,"column":2}},"38":{"start":{"line":119,"column":62},"end":{"line":122,"column":2}},"39":{"start":{"line":121,"column":2},"end":{"line":121,"column":80}},"40":{"start":{"line":119,"column":13},"end":{"line":119,"column":30}},"41":{"start":{"line":125,"column":30},"end":{"line":128,"column":2}},"42":{"start":{"line":125,"column":77},"end":{"line":128,"column":2}},"43":{"start":{"line":127,"column":2},"end":{"line":127,"column":86}},"44":{"start":{"line":125,"column":13},"end":{"line":125,"column":30}},"45":{"start":{"line":131,"column":31},"end":{"line":134,"column":2}},"46":{"start":{"line":131,"column":77},"end":{"line":134,"column":2}},"47":{"start":{"line":133,"column":2},"end":{"line":133,"column":57}},"48":{"start":{"line":131,"column":13},"end":{"line":131,"column":31}},"49":{"start":{"line":141,"column":35},"end":{"line":191,"column":2}},"50":{"start":{"line":144,"column":23},"end":{"line":191,"column":2}},"51":{"start":{"line":146,"column":2},"end":{"line":148,"column":3}},"52":{"start":{"line":147,"column":4},"end":{"line":147,"column":88}},"53":{"start":{"line":151,"column":18},"end":{"line":151,"column":51}},"54":{"start":{"line":154,"column":2},"end":{"line":156,"column":3}},"55":{"start":{"line":155,"column":4},"end":{"line":155,"column":39}},"56":{"start":{"line":159,"column":25},"end":{"line":159,"column":39}},"57":{"start":{"line":162,"column":2},"end":{"line":162,"column":26}},"58":{"start":{"line":163,"column":2},"end":{"line":163,"column":23}},"59":{"start":{"line":166,"column":2},"end":{"line":168,"column":3}},"60":{"start":{"line":167,"column":4},"end":{"line":167,"column":80}},"61":{"start":{"line":171,"column":2},"end":{"line":187,"column":3}},"62":{"start":{"line":173,"column":24},"end":{"line":177,"column":6}},"63":{"start":{"line":179,"column":4},"end":{"line":183,"column":5}},"64":{"start":{"line":180,"column":6},"end":{"line":180,"column":34}},"65":{"start":{"line":181,"column":6},"end":{"line":181,"column":27}},"66":{"start":{"line":182,"column":6},"end":{"line":182,"column":85}},"67":{"start":{"line":186,"column":4},"end":{"line":186,"column":81}},"68":{"start":{"line":190,"column":2},"end":{"line":190,"column":40}},"69":{"start":{"line":141,"column":13},"end":{"line":141,"column":35}},"70":{"start":{"line":196,"column":27},"end":{"line":240,"column":2}},"71":{"start":{"line":199,"column":23},"end":{"line":240,"column":2}},"72":{"start":{"line":201,"column":18},"end":{"line":201,"column":51}},"73":{"start":{"line":204,"column":2},"end":{"line":206,"column":3}},"74":{"start":{"line":205,"column":4},"end":{"line":205,"column":39}},"75":{"start":{"line":208,"column":2},"end":{"line":228,"column":3}},"76":{"start":{"line":210,"column":20},"end":{"line":210,"column":63}},"77":{"start":{"line":213,"column":4},"end":{"line":215,"column":5}},"78":{"start":{"line":214,"column":6},"end":{"line":214,"column":43}},"79":{"start":{"line":218,"column":4},"end":{"line":220,"column":5}},"80":{"start":{"line":219,"column":6},"end":{"line":219,"column":66}},"81":{"start":{"line":222,"column":4},"end":{"line":222,"column":80}},"82":{"start":{"line":223,"column":4},"end":{"line":223,"column":32}},"83":{"start":{"line":224,"column":4},"end":{"line":224,"column":25}},"84":{"start":{"line":227,"column":4},"end":{"line":227,"column":44}},"85":{"start":{"line":231,"column":2},"end":{"line":233,"column":3}},"86":{"start":{"line":232,"column":4},"end":{"line":232,"column":34}},"87":{"start":{"line":236,"column":2},"end":{"line":236,"column":23}},"88":{"start":{"line":239,"column":2},"end":{"line":239,"column":40}},"89":{"start":{"line":196,"column":13},"end":{"line":196,"column":27}}},"fnMap":{"0":{"name":"(anonymous_8)","decl":{"start":{"line":27,"column":34},"end":{"line":27,"column":41}},"loc":{"start":{"line":27,"column":88},"end":{"line":73,"column":2}}},"1":{"name":"(anonymous_9)","decl":{"start":{"line":27,"column":88},"end":{"line":27,"column":null}},"loc":{"start":{"line":27,"column":88},"end":{"line":73,"column":1}}},"2":{"name":"(anonymous_10)","decl":{"start":{"line":76,"column":33},"end":{"line":76,"column":40}},"loc":{"start":{"line":76,"column":86},"end":{"line":116,"column":2}}},"3":{"name":"(anonymous_11)","decl":{"start":{"line":76,"column":86},"end":{"line":76,"column":null}},"loc":{"start":{"line":76,"column":86},"end":{"line":116,"column":1}}},"4":{"name":"(anonymous_12)","decl":{"start":{"line":119,"column":30},"end":{"line":119,"column":60}},"loc":{"start":{"line":119,"column":62},"end":{"line":122,"column":2}}},"5":{"name":"(anonymous_13)","decl":{"start":{"line":119,"column":62},"end":{"line":119,"column":null}},"loc":{"start":{"line":119,"column":62},"end":{"line":122,"column":1}}},"6":{"name":"(anonymous_14)","decl":{"start":{"line":125,"column":30},"end":{"line":125,"column":37}},"loc":{"start":{"line":125,"column":77},"end":{"line":128,"column":2}}},"7":{"name":"(anonymous_15)","decl":{"start":{"line":125,"column":77},"end":{"line":125,"column":null}},"loc":{"start":{"line":125,"column":77},"end":{"line":128,"column":1}}},"8":{"name":"(anonymous_16)","decl":{"start":{"line":131,"column":31},"end":{"line":131,"column":38}},"loc":{"start":{"line":131,"column":77},"end":{"line":134,"column":2}}},"9":{"name":"(anonymous_17)","decl":{"start":{"line":131,"column":77},"end":{"line":131,"column":null}},"loc":{"start":{"line":131,"column":77},"end":{"line":134,"column":1}}},"10":{"name":"(anonymous_18)","decl":{"start":{"line":141,"column":35},"end":{"line":141,"column":null}},"loc":{"start":{"line":144,"column":23},"end":{"line":191,"column":2}}},"11":{"name":"(anonymous_19)","decl":{"start":{"line":144,"column":23},"end":{"line":144,"column":null}},"loc":{"start":{"line":144,"column":23},"end":{"line":191,"column":1}}},"12":{"name":"(anonymous_20)","decl":{"start":{"line":196,"column":27},"end":{"line":196,"column":null}},"loc":{"start":{"line":199,"column":23},"end":{"line":240,"column":2}}},"13":{"name":"(anonymous_21)","decl":{"start":{"line":199,"column":23},"end":{"line":199,"column":null}},"loc":{"start":{"line":199,"column":23},"end":{"line":240,"column":1}}}},"branchMap":{"0":{"loc":{"start":{"line":32,"column":2},"end":{"line":34,"column":3}},"type":"if","locations":[{"start":{"line":32,"column":2},"end":{"line":34,"column":3}},{"start":{},"end":{}}]},"1":{"loc":{"start":{"line":32,"column":6},"end":{"line":32,"column":31}},"type":"binary-expr","locations":[{"start":{"line":32,"column":6},"end":{"line":32,"column":16}},{"start":{"line":32,"column":20},"end":{"line":32,"column":31}}]},"2":{"loc":{"start":{"line":40,"column":2},"end":{"line":42,"column":3}},"type":"if","locations":[{"start":{"line":40,"column":2},"end":{"line":42,"column":3}},{"start":{},"end":{}}]},"3":{"loc":{"start":{"line":45,"column":2},"end":{"line":47,"column":3}},"type":"if","locations":[{"start":{"line":45,"column":2},"end":{"line":47,"column":3}},{"start":{},"end":{}}]},"4":{"loc":{"start":{"line":55,"column":2},"end":{"line":57,"column":3}},"type":"if","locations":[{"start":{"line":55,"column":2},"end":{"line":57,"column":3}},{"start":{},"end":{}}]},"5":{"loc":{"start":{"line":67,"column":8},"end":{"line":67,"column":30}},"type":"cond-expr","locations":[{"start":{"line":67,"column":16},"end":{"line":67,"column":25}},{"start":{"line":67,"column":28},"end":{"line":67,"column":30}}]},"6":{"loc":{"start":{"line":84,"column":2},"end":{"line":86,"column":3}},"type":"if","locations":[{"start":{"line":84,"column":2},"end":{"line":86,"column":3}},{"start":{},"end":{}}]},"7":{"loc":{"start":{"line":89,"column":2},"end":{"line":91,"column":3}},"type":"if","locations":[{"start":{"line":89,"column":2},"end":{"line":91,"column":3}},{"start":{},"end":{}}]},"8":{"loc":{"start":{"line":99,"column":2},"end":{"line":101,"column":3}},"type":"if","locations":[{"start":{"line":99,"column":2},"end":{"line":101,"column":3}},{"start":{},"end":{}}]},"9":{"loc":{"start":{"line":110,"column":8},"end":{"line":110,"column":30}},"type":"cond-expr","locations":[{"start":{"line":110,"column":16},"end":{"line":110,"column":25}},{"start":{"line":110,"column":28},"end":{"line":110,"column":30}}]},"10":{"loc":{"start":{"line":146,"column":2},"end":{"line":148,"column":3}},"type":"if","locations":[{"start":{"line":146,"column":2},"end":{"line":148,"column":3}},{"start":{},"end":{}}]},"11":{"loc":{"start":{"line":154,"column":2},"end":{"line":156,"column":3}},"type":"if","locations":[{"start":{"line":154,"column":2},"end":{"line":156,"column":3}},{"start":{},"end":{}}]},"12":{"loc":{"start":{"line":166,"column":2},"end":{"line":168,"column":3}},"type":"if","locations":[{"start":{"line":166,"column":2},"end":{"line":168,"column":3}},{"start":{},"end":{}}]},"13":{"loc":{"start":{"line":166,"column":6},"end":{"line":166,"column":60}},"type":"binary-expr","locations":[{"start":{"line":166,"column":6},"end":{"line":166,"column":27}},{"start":{"line":166,"column":31},"end":{"line":166,"column":60}}]},"14":{"loc":{"start":{"line":171,"column":2},"end":{"line":187,"column":3}},"type":"if","locations":[{"start":{"line":171,"column":2},"end":{"line":187,"column":3}},{"start":{},"end":{}}]},"15":{"loc":{"start":{"line":171,"column":6},"end":{"line":171,"column":60}},"type":"binary-expr","locations":[{"start":{"line":171,"column":6},"end":{"line":171,"column":35}},{"start":{"line":171,"column":39},"end":{"line":171,"column":60}}]},"16":{"loc":{"start":{"line":179,"column":4},"end":{"line":183,"column":5}},"type":"if","locations":[{"start":{"line":179,"column":4},"end":{"line":183,"column":5}},{"start":{},"end":{}}]},"17":{"loc":{"start":{"line":204,"column":2},"end":{"line":206,"column":3}},"type":"if","locations":[{"start":{"line":204,"column":2},"end":{"line":206,"column":3}},{"start":{},"end":{}}]},"18":{"loc":{"start":{"line":208,"column":2},"end":{"line":228,"column":3}},"type":"if","locations":[{"start":{"line":208,"column":2},"end":{"line":228,"column":3}},{"start":{},"end":{}}]},"19":{"loc":{"start":{"line":208,"column":6},"end":{"line":208,"column":80}},"type":"binary-expr","locations":[{"start":{"line":208,"column":6},"end":{"line":208,"column":24}},{"start":{"line":208,"column":28},"end":{"line":208,"column":80}}]},"20":{"loc":{"start":{"line":213,"column":4},"end":{"line":215,"column":5}},"type":"if","locations":[{"start":{"line":213,"column":4},"end":{"line":215,"column":5}},{"start":{},"end":{}}]},"21":{"loc":{"start":{"line":218,"column":4},"end":{"line":220,"column":5}},"type":"if","locations":[{"start":{"line":218,"column":4},"end":{"line":220,"column":5}},{"start":{},"end":{}}]},"22":{"loc":{"start":{"line":231,"column":2},"end":{"line":233,"column":3}},"type":"if","locations":[{"start":{"line":231,"column":2},"end":{"line":233,"column":3}},{"start":{},"end":{}}]}},"s":{"0":2,"1":2,"2":2,"3":2,"4":5,"5":5,"6":5,"7":1,"8":4,"9":4,"10":1,"11":3,"12":1,"13":2,"14":2,"15":1,"16":1,"17":1,"18":1,"19":1,"20":2,"21":2,"22":4,"23":4,"24":4,"25":4,"26":1,"27":3,"28":1,"29":2,"30":2,"31":1,"32":1,"33":1,"34":1,"35":1,"36":2,"37":2,"38":1,"39":1,"40":2,"41":2,"42":1,"43":1,"44":2,"45":2,"46":1,"47":1,"48":2,"49":2,"50":4,"51":4,"52":1,"53":3,"54":3,"55":1,"56":2,"57":2,"58":2,"59":2,"60":1,"61":2,"62":0,"63":0,"64":0,"65":0,"66":0,"67":0,"68":2,"69":2,"70":2,"71":3,"72":3,"73":3,"74":1,"75":2,"76":1,"77":1,"78":1,"79":0,"80":0,"81":0,"82":0,"83":0,"84":0,"85":1,"86":1,"87":1,"88":1,"89":2},"f":{"0":5,"1":5,"2":4,"3":4,"4":1,"5":1,"6":1,"7":1,"8":1,"9":1,"10":4,"11":4,"12":3,"13":3},"b":{"0":[1,4],"1":[5,4],"2":[1,3],"3":[1,2],"4":[1,1],"5":[0,1],"6":[1,3],"7":[1,2],"8":[1,1],"9":[0,1],"10":[1,3],"11":[1,2],"12":[1,1],"13":[2,1],"14":[0,2],"15":[2,0],"16":[0,0],"17":[1,2],"18":[1,1],"19":[2,1],"20":[1,0],"21":[0,0],"22":[1,0]}}
,"/Users/dammy/Open Source Project/booking-backend/src/use-cases/timeSlotUseCases.ts": {"path":"/Users/dammy/Open Source Project/booking-backend/src/use-cases/timeSlotUseCases.ts","statementMap":{"0":{"start":{"line":1,"column":0},"end":{"line":1,"column":57}},"1":{"start":{"line":2,"column":0},"end":{"line":2,"column":66}},"2":{"start":{"line":10,"column":30},"end":{"line":29,"column":2}},"3":{"start":{"line":10,"column":87},"end":{"line":29,"column":2}},"4":{"start":{"line":11,"column":39},"end":{"line":11,"column":44}},"5":{"start":{"line":13,"column":2},"end":{"line":15,"column":3}},"6":{"start":{"line":14,"column":4},"end":{"line":14,"column":75}},"7":{"start":{"line":17,"column":19},"end":{"line":17,"column":87}},"8":{"start":{"line":18,"column":2},"end":{"line":20,"column":3}},"9":{"start":{"line":19,"column":4},"end":{"line":19,"column":103}},"10":{"start":{"line":22,"column":19},"end":{"line":26,"column":4}},"11":{"start":{"line":28,"column":2},"end":{"line":28,"column":18}},"12":{"start":{"line":10,"column":13},"end":{"line":10,"column":30}},"13":{"start":{"line":31,"column":37},"end":{"line":33,"column":2}},"14":{"start":{"line":31,"column":70},"end":{"line":33,"column":2}},"15":{"start":{"line":32,"column":2},"end":{"line":32,"column":78}},"16":{"start":{"line":31,"column":13},"end":{"line":31,"column":37}},"17":{"start":{"line":35,"column":31},"end":{"line":37,"column":2}},"18":{"start":{"line":35,"column":64},"end":{"line":37,"column":2}},"19":{"start":{"line":36,"column":2},"end":{"line":36,"column":57}},"20":{"start":{"line":35,"column":13},"end":{"line":35,"column":31}},"21":{"start":{"line":39,"column":31},"end":{"line":41,"column":2}},"22":{"start":{"line":39,"column":79},"end":{"line":41,"column":2}},"23":{"start":{"line":40,"column":2},"end":{"line":40,"column":31}},"24":{"start":{"line":39,"column":13},"end":{"line":39,"column":31}}},"fnMap":{"0":{"name":"(anonymous_8)","decl":{"start":{"line":10,"column":30},"end":{"line":10,"column":37}},"loc":{"start":{"line":10,"column":87},"end":{"line":29,"column":2}}},"1":{"name":"(anonymous_9)","decl":{"start":{"line":10,"column":87},"end":{"line":10,"column":null}},"loc":{"start":{"line":10,"column":87},"end":{"line":29,"column":1}}},"2":{"name":"(anonymous_10)","decl":{"start":{"line":31,"column":37},"end":{"line":31,"column":68}},"loc":{"start":{"line":31,"column":70},"end":{"line":33,"column":2}}},"3":{"name":"(anonymous_11)","decl":{"start":{"line":31,"column":70},"end":{"line":31,"column":null}},"loc":{"start":{"line":31,"column":70},"end":{"line":33,"column":1}}},"4":{"name":"(anonymous_12)","decl":{"start":{"line":35,"column":31},"end":{"line":35,"column":62}},"loc":{"start":{"line":35,"column":64},"end":{"line":37,"column":2}}},"5":{"name":"(anonymous_13)","decl":{"start":{"line":35,"column":64},"end":{"line":35,"column":null}},"loc":{"start":{"line":35,"column":64},"end":{"line":37,"column":1}}},"6":{"name":"(anonymous_14)","decl":{"start":{"line":39,"column":31},"end":{"line":39,"column":38}},"loc":{"start":{"line":39,"column":79},"end":{"line":41,"column":2}}},"7":{"name":"(anonymous_15)","decl":{"start":{"line":39,"column":79},"end":{"line":39,"column":null}},"loc":{"start":{"line":39,"column":79},"end":{"line":41,"column":1}}}},"branchMap":{"0":{"loc":{"start":{"line":13,"column":2},"end":{"line":15,"column":3}},"type":"if","locations":[{"start":{"line":13,"column":2},"end":{"line":15,"column":3}},{"start":{},"end":{}}]},"1":{"loc":{"start":{"line":13,"column":6},"end":{"line":13,"column":37}},"type":"binary-expr","locations":[{"start":{"line":13,"column":6},"end":{"line":13,"column":11}},{"start":{"line":13,"column":15},"end":{"line":13,"column":25}},{"start":{"line":13,"column":29},"end":{"line":13,"column":37}}]},"2":{"loc":{"start":{"line":18,"column":2},"end":{"line":20,"column":3}},"type":"if","locations":[{"start":{"line":18,"column":2},"end":{"line":20,"column":3}},{"start":{},"end":{}}]}},"s":{"0":2,"1":2,"2":2,"3":3,"4":3,"5":3,"6":1,"7":2,"8":2,"9":1,"10":1,"11":1,"12":2,"13":2,"14":1,"15":1,"16":2,"17":2,"18":1,"19":1,"20":2,"21":2,"22":2,"23":2,"24":2},"f":{"0":3,"1":3,"2":1,"3":1,"4":1,"5":1,"6":2,"7":2},"b":{"0":[1,2],"1":[3,2,2],"2":[1,1]}}
,"/Users/dammy/Open Source Project/booking-backend/src/use-cases/auth/LoginUser.ts": {"path":"/Users/dammy/Open Source Project/booking-backend/src/use-cases/auth/LoginUser.ts","statementMap":{"0":{"start":{"line":1,"column":0},"end":{"line":1,"column":30}},"1":{"start":{"line":2,"column":0},"end":{"line":2,"column":31}},"2":{"start":{"line":3,"column":0},"end":{"line":3,"column":37}},"3":{"start":{"line":4,"column":0},"end":{"line":4,"column":74}},"4":{"start":{"line":11,"column":25},"end":{"line":39,"column":2}},"5":{"start":{"line":11,"column":53},"end":{"line":39,"column":2}},"6":{"start":{"line":12,"column":30},"end":{"line":12,"column":35}},"7":{"start":{"line":14,"column":15},"end":{"line":14,"column":44}},"8":{"start":{"line":15,"column":2},"end":{"line":17,"column":3}},"9":{"start":{"line":16,"column":4},"end":{"line":16,"column":61}},"10":{"start":{"line":19,"column":18},"end":{"line":19,"column":63}},"11":{"start":{"line":20,"column":2},"end":{"line":22,"column":3}},"12":{"start":{"line":21,"column":4},"end":{"line":21,"column":61}},"13":{"start":{"line":24,"column":16},"end":{"line":27,"column":null}},"14":{"start":{"line":30,"column":2},"end":{"line":38,"column":4}},"15":{"start":{"line":11,"column":13},"end":{"line":11,"column":25}}},"fnMap":{"0":{"name":"(anonymous_8)","decl":{"start":{"line":11,"column":25},"end":{"line":11,"column":32}},"loc":{"start":{"line":11,"column":53},"end":{"line":39,"column":2}}},"1":{"name":"(anonymous_9)","decl":{"start":{"line":11,"column":53},"end":{"line":11,"column":null}},"loc":{"start":{"line":11,"column":53},"end":{"line":39,"column":1}}}},"branchMap":{"0":{"loc":{"start":{"line":15,"column":2},"end":{"line":17,"column":3}},"type":"if","locations":[{"start":{"line":15,"column":2},"end":{"line":17,"column":3}},{"start":{},"end":{}}]},"1":{"loc":{"start":{"line":20,"column":2},"end":{"line":22,"column":3}},"type":"if","locations":[{"start":{"line":20,"column":2},"end":{"line":22,"column":3}},{"start":{},"end":{}}]},"2":{"loc":{"start":{"line":26,"column":4},"end":{"line":26,"column":50}},"type":"binary-expr","locations":[{"start":{"line":26,"column":4},"end":{"line":26,"column":26}},{"start":{"line":26,"column":30},"end":{"line":26,"column":50}}]}},"s":{"0":1,"1":1,"2":1,"3":1,"4":1,"5":3,"6":3,"7":3,"8":3,"9":1,"10":2,"11":2,"12":1,"13":1,"14":1,"15":1},"f":{"0":3,"1":3},"b":{"0":[1,2],"1":[1,1],"2":[1,0]}}
,"/Users/dammy/Open Source Project/booking-backend/src/use-cases/auth/RegisterUser.ts": {"path":"/Users/dammy/Open Source Project/booking-backend/src/use-cases/auth/RegisterUser.ts","statementMap":{"0":{"start":{"line":1,"column":0},"end":{"line":1,"column":30}},"1":{"start":{"line":2,"column":0},"end":{"line":2,"column":31}},"2":{"start":{"line":3,"column":0},"end":{"line":3,"column":37}},"3":{"start":{"line":4,"column":0},"end":{"line":4,"column":56}},"4":{"start":{"line":12,"column":28},"end":{"line":45,"column":2}},"5":{"start":{"line":12,"column":59},"end":{"line":45,"column":2}},"6":{"start":{"line":13,"column":36},"end":{"line":13,"column":41}},"7":{"start":{"line":15,"column":23},"end":{"line":15,"column":52}},"8":{"start":{"line":16,"column":2},"end":{"line":18,"column":3}},"9":{"start":{"line":17,"column":4},"end":{"line":17,"column":67}},"10":{"start":{"line":20,"column":15},"end":{"line":20,"column":39}},"11":{"start":{"line":21,"column":25},"end":{"line":21,"column":58}},"12":{"start":{"line":23,"column":15},"end":{"line":28,"column":4}},"13":{"start":{"line":30,"column":16},"end":{"line":33,"column":null}},"14":{"start":{"line":36,"column":2},"end":{"line":44,"column":4}},"15":{"start":{"line":12,"column":13},"end":{"line":12,"column":28}}},"fnMap":{"0":{"name":"(anonymous_8)","decl":{"start":{"line":12,"column":28},"end":{"line":12,"column":35}},"loc":{"start":{"line":12,"column":59},"end":{"line":45,"column":2}}},"1":{"name":"(anonymous_9)","decl":{"start":{"line":12,"column":59},"end":{"line":12,"column":null}},"loc":{"start":{"line":12,"column":59},"end":{"line":45,"column":1}}}},"branchMap":{"0":{"loc":{"start":{"line":16,"column":2},"end":{"line":18,"column":3}},"type":"if","locations":[{"start":{"line":16,"column":2},"end":{"line":18,"column":3}},{"start":{},"end":{}}]},"1":{"loc":{"start":{"line":32,"column":4},"end":{"line":32,"column":50}},"type":"binary-expr","locations":[{"start":{"line":32,"column":4},"end":{"line":32,"column":26}},{"start":{"line":32,"column":30},"end":{"line":32,"column":50}}]}},"s":{"0":1,"1":1,"2":1,"3":1,"4":1,"5":2,"6":2,"7":2,"8":2,"9":1,"10":1,"11":1,"12":1,"13":1,"14":1,"15":1},"f":{"0":2,"1":2},"b":{"0":[1,1],"1":[1,0]}}
}
