TN:
SF:src/index.ts
FN:19,(anonymous_1)
FN:31,(anonymous_2)
FN:32,(anonymous_3)
FNF:3
FNH:3
FNDA:1,(anonymous_1)
FNDA:1,(anonymous_2)
FNDA:1,(anonymous_3)
DA:1,1
DA:2,1
DA:3,1
DA:4,1
DA:5,1
DA:6,1
DA:7,1
DA:8,1
DA:10,1
DA:12,1
DA:13,1
DA:15,1
DA:16,1
DA:19,1
DA:20,1
DA:23,1
DA:24,1
DA:25,1
DA:28,1
DA:31,1
DA:32,1
DA:33,1
DA:37,1
LF:23
LH:23
BRDA:13,0,0,1
BRDA:13,0,1,0
BRF:2
BRH:1
end_of_record
TN:
SF:src/domain/Booking.ts
FNF:0
FNH:0
DA:1,2
DA:13,2
DA:27,2
LF:3
LH:3
BRF:0
BRH:0
end_of_record
TN:
SF:src/domain/TimeSlot.ts
FNF:0
FNH:0
DA:1,3
DA:11,3
DA:20,3
DA:22,3
LF:4
LH:4
BRF:0
BRH:0
end_of_record
TN:
SF:src/domain/User.ts
FNF:0
FNH:0
DA:1,1
DA:11,1
DA:19,1
LF:3
LH:3
BRF:0
BRH:0
end_of_record
TN:
SF:src/domain/errors.ts
FN:14,(anonymous_0)
FN:24,(anonymous_1)
FN:31,(anonymous_2)
FN:38,(anonymous_3)
FN:45,(anonymous_4)
FN:52,(anonymous_5)
FNF:6
FNH:4
FNDA:13,(anonymous_0)
FNDA:3,(anonymous_1)
FNDA:0,(anonymous_2)
FNDA:0,(anonymous_3)
FNDA:5,(anonymous_4)
FNDA:5,(anonymous_5)
DA:10,3
DA:15,13
DA:16,13
DA:17,13
DA:18,13
DA:23,3
DA:25,3
DA:30,3
DA:32,0
DA:37,3
DA:39,0
DA:44,3
DA:46,5
DA:51,3
DA:53,5
LF:15
LH:13
BRDA:14,0,0,13
BRDA:24,1,0,0
BRDA:31,2,0,0
BRDA:38,3,0,0
BRDA:45,4,0,0
BRDA:52,5,0,0
BRF:6
BRH:1
end_of_record
TN:
SF:src/domain/errors/AppError.ts
FN:5,(anonymous_0)
FNF:1
FNH:1
FNDA:17,(anonymous_0)
DA:1,2
DA:6,17
DA:7,17
DA:8,17
DA:9,17
LF:5
LH:5
BRDA:8,0,0,15
BRDA:8,0,1,2
BRDA:8,1,0,17
BRDA:8,1,1,17
BRF:4
BRH:4
end_of_record
TN:
SF:src/domain/errors/NotFoundError.ts
FN:4,(anonymous_0)
FNF:1
FNH:1
FNDA:3,(anonymous_0)
DA:1,1
DA:3,1
DA:5,3
DA:6,3
LF:4
LH:4
BRF:0
BRH:0
end_of_record
TN:
SF:src/domain/errors/UnauthorizedError.ts
FN:4,(anonymous_0)
FNF:1
FNH:1
FNDA:5,(anonymous_0)
DA:1,2
DA:3,2
DA:5,5
DA:6,5
LF:4
LH:4
BRDA:4,0,0,2
BRF:1
BRH:1
end_of_record
TN:
SF:src/domain/errors/ValidationError.ts
FN:4,(anonymous_0)
FNF:1
FNH:1
FNDA:3,(anonymous_0)
DA:1,1
DA:3,1
DA:5,3
DA:6,3
LF:4
LH:4
BRF:0
BRH:0
end_of_record
TN:
SF:src/infrastructure/database.ts
FN:3,(anonymous_8)
FN:3,(anonymous_9)
FNF:2
FNH:2
FNDA:1,(anonymous_8)
FNDA:1,(anonymous_9)
DA:1,1
DA:3,1
DA:4,1
DA:5,1
DA:6,1
DA:8,0
DA:9,0
DA:13,1
LF:8
LH:6
BRDA:5,0,0,1
BRDA:5,0,1,0
BRF:2
BRH:1
end_of_record
TN:
SF:src/infrastructure/middleware/adminAuth.ts
FN:9,(anonymous_1)
FN:35,(anonymous_2)
FNF:2
FNH:0
FNDA:0,(anonymous_1)
FNDA:0,(anonymous_2)
DA:2,1
DA:4,1
DA:9,1
DA:10,0
DA:12,0
DA:13,0
DA:14,0
DA:17,0
DA:19,0
DA:20,0
DA:24,0
DA:25,0
DA:27,0
DA:35,1
DA:36,0
DA:37,0
DA:38,0
DA:40,0
LF:18
LH:4
BRDA:12,0,0,0
BRDA:12,0,1,0
BRDA:12,1,0,0
BRDA:12,1,1,0
BRDA:22,2,0,0
BRDA:22,2,1,0
BRDA:36,3,0,0
BRDA:36,3,1,0
BRDA:36,4,0,0
BRDA:36,4,1,0
BRF:10
BRH:0
end_of_record
TN:
SF:src/infrastructure/middleware/errorHandler.ts
FN:4,(anonymous_0)
FNF:1
FNH:1
FNDA:3,(anonymous_0)
DA:2,1
DA:4,1
DA:10,3
DA:11,3
DA:12,3
DA:15,0
DA:16,0
DA:19,1
LF:8
LH:6
BRDA:10,0,0,3
BRDA:10,0,1,0
BRF:2
BRH:1
end_of_record
TN:
SF:src/infrastructure/middleware/logger.ts
FN:8,(anonymous_1)
FN:18,(anonymous_2)
FN:23,(anonymous_3)
FNF:3
FNH:2
FNDA:9,(anonymous_1)
FNDA:9,(anonymous_2)
FNDA:0,(anonymous_3)
DA:1,1
DA:4,1
DA:9,9
DA:18,1
DA:19,9
DA:20,9
DA:23,1
DA:24,0
DA:27,1
LF:9
LH:8
BRF:0
BRH:0
end_of_record
TN:
SF:src/infrastructure/middleware/optionalAuth.ts
FN:13,(anonymous_1)
FNF:1
FNH:0
FNDA:0,(anonymous_1)
DA:2,1
DA:13,1
DA:14,0
DA:16,0
DA:17,0
DA:20,0
DA:22,0
DA:23,0
DA:27,0
DA:32,0
DA:35,1
LF:11
LH:3
BRDA:16,0,0,0
BRDA:16,0,1,0
BRDA:16,1,0,0
BRDA:16,1,1,0
BRDA:25,2,0,0
BRDA:25,2,1,0
BRF:6
BRH:0
end_of_record
TN:
SF:src/ports/rest/routes/authRoutes.ts
FN:7,(anonymous_7)
FN:7,(anonymous_8)
FN:21,(anonymous_9)
FN:21,(anonymous_10)
FNF:4
FNH:4
FNDA:4,(anonymous_7)
FNDA:4,(anonymous_8)
FNDA:4,(anonymous_9)
FNDA:4,(anonymous_10)
DA:1,1
DA:2,1
DA:3,1
DA:5,1
DA:7,4
DA:8,4
DA:9,4
DA:10,4
DA:11,2
DA:12,2
DA:14,2
DA:15,1
DA:17,1
DA:21,4
DA:22,4
DA:23,4
DA:24,4
DA:25,1
DA:26,1
DA:28,3
DA:29,1
DA:31,2
DA:35,1
LF:23
LH:23
BRDA:10,0,0,2
BRDA:10,0,1,2
BRDA:10,1,0,4
BRDA:10,1,1,2
BRDA:10,1,2,2
BRDA:24,2,0,1
BRDA:24,2,1,3
BRDA:24,3,0,4
BRDA:24,3,1,4
BRF:9
BRH:9
end_of_record
TN:
SF:src/ports/rest/routes/bookingRoutes.ts
FN:18,(anonymous_8)
FN:18,(anonymous_9)
FN:44,(anonymous_10)
FN:44,(anonymous_11)
FN:54,(anonymous_12)
FN:54,(anonymous_13)
FN:67,(anonymous_14)
FN:67,(anonymous_15)
FN:80,(anonymous_16)
FN:80,(anonymous_17)
FN:94,(anonymous_18)
FN:94,(anonymous_19)
FNF:12
FNH:0
FNDA:0,(anonymous_8)
FNDA:0,(anonymous_9)
FNDA:0,(anonymous_10)
FNDA:0,(anonymous_11)
FNDA:0,(anonymous_12)
FNDA:0,(anonymous_13)
FNDA:0,(anonymous_14)
FNDA:0,(anonymous_15)
FNDA:0,(anonymous_16)
FNDA:0,(anonymous_17)
FNDA:0,(anonymous_18)
FNDA:0,(anonymous_19)
DA:1,1
DA:2,1
DA:3,1
DA:4,1
DA:5,1
DA:15,1
DA:18,1
DA:19,0
DA:20,0
DA:22,0
DA:23,0
DA:28,0
DA:29,0
DA:31,0
DA:32,0
DA:34,0
DA:37,0
DA:39,0
DA:44,1
DA:45,0
DA:46,0
DA:47,0
DA:49,0
DA:54,1
DA:55,0
DA:56,0
DA:57,0
DA:59,0
DA:60,0
DA:62,0
DA:67,1
DA:68,0
DA:69,0
DA:70,0
DA:71,0
DA:73,0
DA:75,0
DA:80,1
DA:81,0
DA:82,0
DA:83,0
DA:84,0
DA:86,0
DA:87,0
DA:89,0
DA:94,1
DA:95,0
DA:96,0
DA:97,0
DA:98,0
DA:100,0
DA:101,0
DA:103,0
DA:107,1
LF:54
LH:13
BRDA:22,0,0,0
BRDA:22,0,1,0
BRDA:28,1,0,0
BRDA:28,1,1,0
BRDA:31,2,0,0
BRDA:31,2,1,0
BRDA:31,3,0,0
BRDA:31,3,1,0
BRDA:56,4,0,0
BRDA:56,4,1,0
BRDA:70,5,0,0
BRDA:70,5,1,0
BRDA:83,6,0,0
BRDA:83,6,1,0
BRDA:97,7,0,0
BRDA:97,7,1,0
BRDA:97,8,0,0
BRDA:97,8,1,0
BRF:18
BRH:0
end_of_record
TN:
SF:src/ports/rest/routes/timeSlotRoutes.ts
FN:12,(anonymous_7)
FN:12,(anonymous_8)
FN:28,(anonymous_9)
FN:28,(anonymous_10)
FN:38,(anonymous_11)
FN:38,(anonymous_12)
FNF:6
FNH:0
FNDA:0,(anonymous_7)
FNDA:0,(anonymous_8)
FNDA:0,(anonymous_9)
FNDA:0,(anonymous_10)
FNDA:0,(anonymous_11)
FNDA:0,(anonymous_12)
DA:1,1
DA:2,1
DA:3,1
DA:9,1
DA:12,1
DA:13,0
DA:14,0
DA:16,0
DA:17,0
DA:20,0
DA:21,0
DA:23,0
DA:28,1
DA:29,0
DA:30,0
DA:31,0
DA:33,0
DA:38,1
DA:39,0
DA:40,0
DA:41,0
DA:43,0
DA:47,1
LF:23
LH:8
BRDA:16,0,0,0
BRDA:16,0,1,0
BRDA:16,1,0,0
BRDA:16,1,1,0
BRDA:16,1,2,0
BRF:5
BRH:0
end_of_record
TN:
SF:src/use-cases/bookingUseCases.ts
FN:20,(anonymous_8)
FN:20,(anonymous_9)
FN:57,(anonymous_10)
FN:57,(anonymous_11)
FN:89,(anonymous_12)
FN:89,(anonymous_13)
FN:93,(anonymous_14)
FN:93,(anonymous_15)
FN:97,(anonymous_16)
FN:97,(anonymous_17)
FN:106,(anonymous_18)
FN:109,(anonymous_19)
FN:149,(anonymous_20)
FN:152,(anonymous_21)
FNF:14
FNH:14
FNDA:5,(anonymous_8)
FNDA:5,(anonymous_9)
FNDA:4,(anonymous_10)
FNDA:4,(anonymous_11)
FNDA:1,(anonymous_12)
FNDA:1,(anonymous_13)
FNDA:1,(anonymous_14)
FNDA:1,(anonymous_15)
FNDA:1,(anonymous_16)
FNDA:1,(anonymous_17)
FNDA:4,(anonymous_18)
FNDA:4,(anonymous_19)
FNDA:3,(anonymous_20)
FNDA:3,(anonymous_21)
DA:1,2
DA:2,2
DA:3,2
DA:20,5
DA:21,5
DA:23,5
DA:24,1
DA:27,4
DA:28,4
DA:29,1
DA:31,3
DA:32,1
DA:35,2
DA:39,2
DA:40,1
DA:43,1
DA:44,1
DA:46,1
DA:54,1
DA:57,4
DA:58,4
DA:60,4
DA:61,4
DA:62,1
DA:64,3
DA:65,1
DA:68,2
DA:72,2
DA:73,1
DA:76,1
DA:77,1
DA:79,1
DA:86,1
DA:89,2
DA:90,1
DA:93,2
DA:94,1
DA:97,2
DA:98,1
DA:106,2
DA:109,4
DA:110,4
DA:111,1
DA:114,3
DA:115,3
DA:116,1
DA:119,2
DA:120,2
DA:121,2
DA:124,2
DA:125,1
DA:129,2
DA:130,0
DA:135,0
DA:136,0
DA:137,0
DA:138,0
DA:140,0
DA:143,2
DA:149,2
DA:152,3
DA:153,3
DA:154,3
DA:155,1
DA:158,2
DA:159,1
DA:160,1
DA:161,1
DA:163,0
DA:164,0
DA:167,0
DA:168,0
DA:169,0
DA:171,0
DA:174,1
DA:175,1
DA:178,1
DA:179,1
LF:78
LH:66
BRDA:23,0,0,1
BRDA:23,0,1,4
BRDA:23,1,0,5
BRDA:23,1,1,4
BRDA:28,2,0,1
BRDA:28,2,1,3
BRDA:31,3,0,1
BRDA:31,3,1,2
BRDA:39,4,0,1
BRDA:39,4,1,1
BRDA:50,5,0,0
BRDA:50,5,1,1
BRDA:61,6,0,1
BRDA:61,6,1,3
BRDA:64,7,0,1
BRDA:64,7,1,2
BRDA:72,8,0,1
BRDA:72,8,1,1
BRDA:82,9,0,0
BRDA:82,9,1,1
BRDA:110,10,0,1
BRDA:110,10,1,3
BRDA:115,11,0,1
BRDA:115,11,1,2
BRDA:124,12,0,1
BRDA:124,12,1,1
BRDA:124,13,0,2
BRDA:124,13,1,1
BRDA:129,14,0,0
BRDA:129,14,1,2
BRDA:129,15,0,2
BRDA:129,15,1,0
BRDA:135,16,0,0
BRDA:135,16,1,0
BRDA:154,17,0,1
BRDA:154,17,1,2
BRDA:158,18,0,1
BRDA:158,18,1,1
BRDA:158,19,0,2
BRDA:158,19,1,1
BRDA:160,20,0,1
BRDA:160,20,1,0
BRDA:163,21,0,0
BRDA:163,21,1,0
BRDA:174,22,0,1
BRDA:174,22,1,0
BRF:46
BRH:36
end_of_record
TN:
SF:src/use-cases/timeSlotUseCases.ts
FN:10,(anonymous_8)
FN:10,(anonymous_9)
FN:31,(anonymous_10)
FN:31,(anonymous_11)
FN:35,(anonymous_12)
FN:35,(anonymous_13)
FN:39,(anonymous_14)
FN:39,(anonymous_15)
FNF:8
FNH:8
FNDA:3,(anonymous_8)
FNDA:3,(anonymous_9)
FNDA:1,(anonymous_10)
FNDA:1,(anonymous_11)
FNDA:1,(anonymous_12)
FNDA:1,(anonymous_13)
FNDA:2,(anonymous_14)
FNDA:2,(anonymous_15)
DA:1,2
DA:2,2
DA:10,3
DA:11,3
DA:13,3
DA:14,1
DA:17,2
DA:18,2
DA:19,1
DA:22,1
DA:28,1
DA:31,2
DA:32,1
DA:35,2
DA:36,1
DA:39,2
DA:40,2
LF:17
LH:17
BRDA:13,0,0,1
BRDA:13,0,1,2
BRDA:13,1,0,3
BRDA:13,1,1,2
BRDA:13,1,2,2
BRDA:18,2,0,1
BRDA:18,2,1,1
BRF:7
BRH:7
end_of_record
TN:
SF:src/use-cases/auth/LoginUser.ts
FN:11,(anonymous_8)
FN:11,(anonymous_9)
FNF:2
FNH:2
FNDA:3,(anonymous_8)
FNDA:3,(anonymous_9)
DA:1,1
DA:2,1
DA:3,1
DA:4,1
DA:11,3
DA:12,3
DA:14,3
DA:15,3
DA:16,1
DA:19,2
DA:20,2
DA:21,1
DA:24,1
DA:30,1
LF:14
LH:14
BRDA:15,0,0,1
BRDA:15,0,1,2
BRDA:20,1,0,1
BRDA:20,1,1,1
BRDA:26,2,0,1
BRDA:26,2,1,0
BRF:6
BRH:5
end_of_record
TN:
SF:src/use-cases/auth/RegisterUser.ts
FN:12,(anonymous_8)
FN:12,(anonymous_9)
FNF:2
FNH:2
FNDA:2,(anonymous_8)
FNDA:2,(anonymous_9)
DA:1,1
DA:2,1
DA:3,1
DA:4,1
DA:12,2
DA:13,2
DA:15,2
DA:16,2
DA:17,1
DA:20,1
DA:21,1
DA:23,1
DA:30,1
DA:36,1
LF:14
LH:14
BRDA:16,0,0,1
BRDA:16,0,1,1
BRDA:32,1,0,1
BRDA:32,1,1,0
BRF:4
BRH:3
end_of_record
