TN:
SF:src/index.ts
FN:19,(anonymous_1)
FN:31,(anonymous_2)
FN:32,(anonymous_3)
FNF:3
FNH:3
FNDA:1,(anonymous_1)
FNDA:1,(anonymous_2)
FNDA:1,(anonymous_3)
DA:1,1
DA:2,1
DA:3,1
DA:4,1
DA:5,1
DA:6,1
DA:7,1
DA:8,1
DA:10,1
DA:12,1
DA:13,1
DA:15,1
DA:16,1
DA:19,1
DA:20,1
DA:23,1
DA:24,1
DA:25,1
DA:28,1
DA:31,1
DA:32,1
DA:33,1
DA:37,1
LF:23
LH:23
BRDA:13,0,0,1
BRDA:13,0,1,0
BRF:2
BRH:1
end_of_record
TN:
SF:src/domain/Booking.ts
FNF:0
FNH:0
DA:1,2
DA:13,2
DA:27,2
LF:3
LH:3
BRF:0
BRH:0
end_of_record
TN:
SF:src/domain/TimeSlot.ts
FNF:0
FNH:0
DA:1,3
DA:11,3
DA:20,3
DA:22,3
LF:4
LH:4
BRF:0
BRH:0
end_of_record
TN:
SF:src/domain/User.ts
FNF:0
FNH:0
DA:1,1
DA:11,1
DA:19,1
LF:3
LH:3
BRF:0
BRH:0
end_of_record
TN:
SF:src/domain/errors.ts
FN:14,(anonymous_0)
FN:24,(anonymous_1)
FN:31,(anonymous_2)
FN:38,(anonymous_3)
FN:45,(anonymous_4)
FN:52,(anonymous_5)
FNF:6
FNH:6
FNDA:26,(anonymous_0)
FNDA:7,(anonymous_1)
FNDA:4,(anonymous_2)
FNDA:2,(anonymous_3)
FNDA:8,(anonymous_4)
FNDA:5,(anonymous_5)
DA:10,6
DA:15,26
DA:16,26
DA:17,26
DA:18,26
DA:23,6
DA:25,7
DA:30,6
DA:32,4
DA:37,6
DA:39,2
DA:44,6
DA:46,8
DA:51,6
DA:53,5
LF:15
LH:15
BRDA:14,0,0,26
BRDA:24,1,0,0
BRDA:31,2,0,3
BRDA:38,3,0,0
BRDA:45,4,0,0
BRDA:52,5,0,0
BRF:6
BRH:2
end_of_record
TN:
SF:src/domain/errors/AppError.ts
FN:5,(anonymous_0)
FNF:1
FNH:1
FNDA:17,(anonymous_0)
DA:1,2
DA:6,17
DA:7,17
DA:8,17
DA:9,17
LF:5
LH:5
BRDA:8,0,0,15
BRDA:8,0,1,2
BRDA:8,1,0,17
BRDA:8,1,1,17
BRF:4
BRH:4
end_of_record
TN:
SF:src/domain/errors/NotFoundError.ts
FN:4,(anonymous_0)
FNF:1
FNH:1
FNDA:3,(anonymous_0)
DA:1,1
DA:3,1
DA:5,3
DA:6,3
LF:4
LH:4
BRF:0
BRH:0
end_of_record
TN:
SF:src/domain/errors/UnauthorizedError.ts
FN:4,(anonymous_0)
FNF:1
FNH:1
FNDA:5,(anonymous_0)
DA:1,2
DA:3,2
DA:5,5
DA:6,5
LF:4
LH:4
BRDA:4,0,0,2
BRF:1
BRH:1
end_of_record
TN:
SF:src/domain/errors/ValidationError.ts
FN:4,(anonymous_0)
FNF:1
FNH:1
FNDA:3,(anonymous_0)
DA:1,1
DA:3,1
DA:5,3
DA:6,3
LF:4
LH:4
BRF:0
BRH:0
end_of_record
TN:
SF:src/infrastructure/database.ts
FN:3,(anonymous_8)
FN:3,(anonymous_9)
FNF:2
FNH:2
FNDA:1,(anonymous_8)
FNDA:1,(anonymous_9)
DA:1,1
DA:3,1
DA:4,1
DA:5,1
DA:6,1
DA:8,0
DA:9,0
DA:13,1
LF:8
LH:6
BRDA:5,0,0,1
BRDA:5,0,1,0
BRF:2
BRH:1
end_of_record
TN:
SF:src/infrastructure/middleware/adminAuth.ts
FN:16,(anonymous_1)
FN:55,(anonymous_2)
FNF:2
FNH:2
FNDA:4,(anonymous_1)
FNDA:3,(anonymous_2)
DA:4,2
DA:8,2
DA:16,2
DA:17,4
DA:20,4
DA:21,2
DA:22,2
DA:26,2
DA:28,2
DA:32,2
DA:39,1
DA:42,1
DA:45,1
DA:55,2
DA:56,3
DA:57,2
DA:58,2
DA:63,1
LF:18
LH:18
BRDA:20,0,0,2
BRDA:20,0,1,2
BRDA:20,1,0,4
BRDA:20,1,1,3
BRDA:34,2,0,2
BRDA:34,2,1,2
BRDA:56,3,0,2
BRDA:56,3,1,1
BRDA:56,4,0,3
BRDA:56,4,1,2
BRF:10
BRH:10
end_of_record
TN:
SF:src/infrastructure/middleware/errorHandler.ts
FN:4,(anonymous_0)
FNF:1
FNH:1
FNDA:3,(anonymous_0)
DA:2,1
DA:4,1
DA:10,3
DA:11,3
DA:12,3
DA:15,0
DA:16,0
DA:19,1
LF:8
LH:6
BRDA:10,0,0,3
BRDA:10,0,1,0
BRF:2
BRH:1
end_of_record
TN:
SF:src/infrastructure/middleware/logger.ts
FN:8,(anonymous_1)
FN:18,(anonymous_2)
FN:23,(anonymous_3)
FNF:3
FNH:2
FNDA:9,(anonymous_1)
FNDA:9,(anonymous_2)
FNDA:0,(anonymous_3)
DA:1,1
DA:4,1
DA:9,9
DA:18,1
DA:19,9
DA:20,9
DA:23,1
DA:24,0
DA:27,1
LF:9
LH:8
BRF:0
BRH:0
end_of_record
TN:
SF:src/infrastructure/middleware/optionalAuth.ts
FN:13,(anonymous_1)
FNF:1
FNH:1
FNDA:4,(anonymous_1)
DA:2,3
DA:13,3
DA:14,4
DA:16,4
DA:17,2
DA:21,2
DA:23,2
DA:24,2
DA:28,1
DA:33,2
DA:36,3
LF:11
LH:11
BRDA:16,0,0,2
BRDA:16,0,1,2
BRDA:16,1,0,4
BRDA:16,1,1,3
BRDA:26,2,0,2
BRDA:26,2,1,2
BRF:6
BRH:6
end_of_record
TN:
SF:src/ports/rest/routes/authRoutes.ts
FN:7,(anonymous_7)
FN:7,(anonymous_8)
FN:21,(anonymous_9)
FN:21,(anonymous_10)
FNF:4
FNH:4
FNDA:4,(anonymous_7)
FNDA:4,(anonymous_8)
FNDA:4,(anonymous_9)
FNDA:4,(anonymous_10)
DA:1,1
DA:2,1
DA:3,1
DA:5,1
DA:7,4
DA:8,4
DA:9,4
DA:10,4
DA:11,2
DA:12,2
DA:14,2
DA:15,1
DA:17,1
DA:21,4
DA:22,4
DA:23,4
DA:24,4
DA:25,1
DA:26,1
DA:28,3
DA:29,1
DA:31,2
DA:35,1
LF:23
LH:23
BRDA:10,0,0,2
BRDA:10,0,1,2
BRDA:10,1,0,4
BRDA:10,1,1,2
BRDA:10,1,2,2
BRDA:24,2,0,1
BRDA:24,2,1,3
BRDA:24,3,0,4
BRDA:24,3,1,4
BRF:9
BRH:9
end_of_record
TN:
SF:src/ports/rest/routes/bookingRoutes.ts
FN:17,(anonymous_8)
FN:17,(anonymous_9)
FN:38,(anonymous_10)
FN:38,(anonymous_11)
FN:47,(anonymous_12)
FN:47,(anonymous_13)
FN:59,(anonymous_14)
FN:59,(anonymous_15)
FN:71,(anonymous_16)
FN:71,(anonymous_17)
FN:84,(anonymous_18)
FN:84,(anonymous_19)
FNF:12
FNH:12
FNDA:4,(anonymous_8)
FNDA:4,(anonymous_9)
FNDA:1,(anonymous_10)
FNDA:1,(anonymous_11)
FNDA:2,(anonymous_12)
FNDA:2,(anonymous_13)
FNDA:2,(anonymous_14)
FNDA:2,(anonymous_15)
FNDA:3,(anonymous_16)
FNDA:3,(anonymous_17)
FNDA:3,(anonymous_18)
FNDA:3,(anonymous_19)
DA:1,3
DA:2,3
DA:3,3
DA:4,3
DA:5,3
DA:15,3
DA:17,4
DA:18,4
DA:19,4
DA:20,4
DA:21,1
DA:24,3
DA:25,1
DA:27,2
DA:28,1
DA:30,1
DA:32,2
DA:34,2
DA:38,3
DA:39,1
DA:40,1
DA:41,1
DA:43,0
DA:47,3
DA:48,2
DA:49,2
DA:50,1
DA:52,1
DA:53,1
DA:55,1
DA:59,3
DA:60,2
DA:61,2
DA:62,2
DA:63,1
DA:65,1
DA:67,1
DA:71,3
DA:72,3
DA:73,3
DA:74,3
DA:75,1
DA:77,2
DA:78,1
DA:80,2
DA:84,3
DA:85,3
DA:86,3
DA:87,3
DA:88,1
DA:90,2
DA:91,1
DA:93,2
DA:97,3
LF:54
LH:53
BRDA:20,0,0,1
BRDA:20,0,1,3
BRDA:24,1,0,1
BRDA:24,1,1,2
BRDA:27,2,0,1
BRDA:27,2,1,1
BRDA:27,3,0,2
BRDA:27,3,1,1
BRDA:49,4,0,1
BRDA:49,4,1,1
BRDA:62,5,0,1
BRDA:62,5,1,1
BRDA:74,6,0,1
BRDA:74,6,1,2
BRDA:87,7,0,1
BRDA:87,7,1,2
BRDA:87,8,0,3
BRDA:87,8,1,1
BRF:18
BRH:18
end_of_record
TN:
SF:src/ports/rest/routes/timeSlotRoutes.ts
FN:12,(anonymous_7)
FN:12,(anonymous_8)
FN:28,(anonymous_9)
FN:28,(anonymous_10)
FN:38,(anonymous_11)
FN:38,(anonymous_12)
FNF:6
FNH:0
FNDA:0,(anonymous_7)
FNDA:0,(anonymous_8)
FNDA:0,(anonymous_9)
FNDA:0,(anonymous_10)
FNDA:0,(anonymous_11)
FNDA:0,(anonymous_12)
DA:1,1
DA:2,1
DA:3,1
DA:9,1
DA:12,1
DA:13,0
DA:14,0
DA:16,0
DA:17,0
DA:20,0
DA:21,0
DA:23,0
DA:28,1
DA:29,0
DA:30,0
DA:31,0
DA:33,0
DA:38,1
DA:39,0
DA:40,0
DA:41,0
DA:43,0
DA:47,1
LF:23
LH:8
BRDA:16,0,0,0
BRDA:16,0,1,0
BRDA:16,1,0,0
BRDA:16,1,1,0
BRDA:16,1,2,0
BRF:5
BRH:0
end_of_record
TN:
SF:src/use-cases/bookingUseCases.ts
FN:27,(anonymous_8)
FN:27,(anonymous_9)
FN:76,(anonymous_10)
FN:76,(anonymous_11)
FN:119,(anonymous_12)
FN:119,(anonymous_13)
FN:125,(anonymous_14)
FN:125,(anonymous_15)
FN:131,(anonymous_16)
FN:131,(anonymous_17)
FN:141,(anonymous_18)
FN:144,(anonymous_19)
FN:196,(anonymous_20)
FN:199,(anonymous_21)
FNF:14
FNH:14
FNDA:5,(anonymous_8)
FNDA:5,(anonymous_9)
FNDA:4,(anonymous_10)
FNDA:4,(anonymous_11)
FNDA:1,(anonymous_12)
FNDA:1,(anonymous_13)
FNDA:1,(anonymous_14)
FNDA:1,(anonymous_15)
FNDA:1,(anonymous_16)
FNDA:1,(anonymous_17)
FNDA:4,(anonymous_18)
FNDA:4,(anonymous_19)
FNDA:3,(anonymous_20)
FNDA:3,(anonymous_21)
DA:2,2
DA:5,2
DA:6,2
DA:27,5
DA:29,5
DA:32,5
DA:33,1
DA:37,4
DA:40,4
DA:41,1
DA:45,3
DA:46,1
DA:49,2
DA:55,2
DA:56,1
DA:59,1
DA:60,1
DA:63,1
DA:72,1
DA:76,4
DA:78,4
DA:81,4
DA:84,4
DA:85,1
DA:89,3
DA:90,1
DA:93,2
DA:99,2
DA:100,1
DA:103,1
DA:104,1
DA:107,1
DA:115,1
DA:119,2
DA:121,1
DA:125,2
DA:127,1
DA:131,2
DA:133,1
DA:141,2
DA:144,4
DA:146,4
DA:147,1
DA:151,3
DA:154,3
DA:155,1
DA:159,2
DA:162,2
DA:163,2
DA:166,2
DA:167,1
DA:171,2
DA:173,0
DA:179,0
DA:180,0
DA:181,0
DA:182,0
DA:186,0
DA:190,2
DA:196,2
DA:199,3
DA:201,3
DA:204,3
DA:205,1
DA:208,2
DA:210,1
DA:213,1
DA:214,1
DA:218,0
DA:219,0
DA:222,0
DA:223,0
DA:224,0
DA:227,0
DA:231,1
DA:232,1
DA:236,1
DA:239,1
LF:78
LH:66
BRDA:32,0,0,1
BRDA:32,0,1,4
BRDA:32,1,0,5
BRDA:32,1,1,4
BRDA:40,2,0,1
BRDA:40,2,1,3
BRDA:45,3,0,1
BRDA:45,3,1,2
BRDA:55,4,0,1
BRDA:55,4,1,1
BRDA:67,5,0,0
BRDA:67,5,1,1
BRDA:84,6,0,1
BRDA:84,6,1,3
BRDA:89,7,0,1
BRDA:89,7,1,2
BRDA:99,8,0,1
BRDA:99,8,1,1
BRDA:110,9,0,0
BRDA:110,9,1,1
BRDA:146,10,0,1
BRDA:146,10,1,3
BRDA:154,11,0,1
BRDA:154,11,1,2
BRDA:166,12,0,1
BRDA:166,12,1,1
BRDA:166,13,0,2
BRDA:166,13,1,1
BRDA:171,14,0,0
BRDA:171,14,1,2
BRDA:171,15,0,2
BRDA:171,15,1,0
BRDA:179,16,0,0
BRDA:179,16,1,0
BRDA:204,17,0,1
BRDA:204,17,1,2
BRDA:208,18,0,1
BRDA:208,18,1,1
BRDA:208,19,0,2
BRDA:208,19,1,1
BRDA:213,20,0,1
BRDA:213,20,1,0
BRDA:218,21,0,0
BRDA:218,21,1,0
BRDA:231,22,0,1
BRDA:231,22,1,0
BRF:46
BRH:36
end_of_record
TN:
SF:src/use-cases/timeSlotUseCases.ts
FN:10,(anonymous_8)
FN:10,(anonymous_9)
FN:31,(anonymous_10)
FN:31,(anonymous_11)
FN:35,(anonymous_12)
FN:35,(anonymous_13)
FN:39,(anonymous_14)
FN:39,(anonymous_15)
FNF:8
FNH:8
FNDA:3,(anonymous_8)
FNDA:3,(anonymous_9)
FNDA:1,(anonymous_10)
FNDA:1,(anonymous_11)
FNDA:1,(anonymous_12)
FNDA:1,(anonymous_13)
FNDA:2,(anonymous_14)
FNDA:2,(anonymous_15)
DA:1,2
DA:2,2
DA:10,3
DA:11,3
DA:13,3
DA:14,1
DA:17,2
DA:18,2
DA:19,1
DA:22,1
DA:28,1
DA:31,2
DA:32,1
DA:35,2
DA:36,1
DA:39,2
DA:40,2
LF:17
LH:17
BRDA:13,0,0,1
BRDA:13,0,1,2
BRDA:13,1,0,3
BRDA:13,1,1,2
BRDA:13,1,2,2
BRDA:18,2,0,1
BRDA:18,2,1,1
BRF:7
BRH:7
end_of_record
TN:
SF:src/use-cases/auth/LoginUser.ts
FN:11,(anonymous_8)
FN:11,(anonymous_9)
FNF:2
FNH:2
FNDA:3,(anonymous_8)
FNDA:3,(anonymous_9)
DA:1,1
DA:2,1
DA:3,1
DA:4,1
DA:11,3
DA:12,3
DA:14,3
DA:15,3
DA:16,1
DA:19,2
DA:20,2
DA:21,1
DA:24,1
DA:30,1
LF:14
LH:14
BRDA:15,0,0,1
BRDA:15,0,1,2
BRDA:20,1,0,1
BRDA:20,1,1,1
BRDA:26,2,0,1
BRDA:26,2,1,0
BRF:6
BRH:5
end_of_record
TN:
SF:src/use-cases/auth/RegisterUser.ts
FN:12,(anonymous_8)
FN:12,(anonymous_9)
FNF:2
FNH:2
FNDA:2,(anonymous_8)
FNDA:2,(anonymous_9)
DA:1,1
DA:2,1
DA:3,1
DA:4,1
DA:12,2
DA:13,2
DA:15,2
DA:16,2
DA:17,1
DA:20,1
DA:21,1
DA:23,1
DA:30,1
DA:36,1
LF:14
LH:14
BRDA:16,0,0,1
BRDA:16,0,1,1
BRDA:32,1,0,1
BRDA:32,1,1,0
BRF:4
BRH:3
end_of_record
